2020-04-30 00:10:29,204 [MainThread] - [INFO] - Starting Hermes Led Control v. 2.0.6
2020-04-30 00:10:29,231 [MainThread] - [INFO] - Initializing HermesLedControl
2020-04-30 00:10:29,309 [MainThread] - [INFO] - Initializing ProjectAlice settings
2020-04-30 00:10:29,311 [MainThread] - [INFO] - Loading configurations
2020-04-30 00:10:29,323 [MainThread] - [INFO] - Loaded 12 hardware references
2020-04-30 00:10:29,325 [MainThread] - [INFO] - - Mqtt server set to localhost
2020-04-30 00:10:29,327 [MainThread] - [INFO] - - Mqtt port set to 1885
2020-04-30 00:10:29,328 [MainThread] - [INFO] - - Mqtt username set to jrkassistant
2020-04-30 00:10:29,330 [MainThread] - [INFO] - - Mqtt password set to "hidden"
2020-04-30 00:10:29,331 [MainThread] - [INFO] - - Client id set to salon
2020-04-30 00:10:29,333 [MainThread] - [INFO] - - Hardware set to ReSpeaker Mic array v2
2020-04-30 00:10:29,334 [MainThread] - [INFO] - - Using projectalice as pattern with 12 leds
2020-04-30 00:10:29,336 [MainThread] - [INFO] - Initializing leds controller
2020-04-30 00:10:29,836 [MainThread] - [INFO] - Hermes Led Control started
2020-04-30 00:10:46,645 [Thread-2] - [DEBUG] - On success triggered
2020-04-30 00:10:46,705 [Thread-2] - [DEBUG] - On hotword toggle on triggered
2020-04-30 00:10:47,657 [Thread-2] - [DEBUG] - On manual animation leds set triggered
2020-04-30 00:10:47,659 [Thread-2] - [WARNING] - Missing white channel in 'color' attribute (RGBW format), appending default value
2020-04-30 00:10:53,805 [Thread-2] - [DEBUG] - On hotword triggered
2020-04-30 00:10:54,330 [Thread-2] - [DEBUG] - On listen triggered
2020-04-30 00:11:02,333 [Thread-2] - [DEBUG] - On hotword toggle on triggered
2020-04-30 00:13:24,857 [MainThread] - [INFO] - Shutting down Hermes Led Control
2020-04-30 00:13:34,405 [MainThread] - [INFO] - Starting Hermes Led Control v. 2.0.6
2020-04-30 00:13:34,433 [MainThread] - [INFO] - Initializing HermesLedControl
2020-04-30 00:13:34,499 [MainThread] - [INFO] - Initializing ProjectAlice settings
2020-04-30 00:13:34,500 [MainThread] - [INFO] - Loading configurations
2020-04-30 00:13:34,513 [MainThread] - [INFO] - Loaded 12 hardware references
2020-04-30 00:13:34,515 [MainThread] - [INFO] - - Mqtt server set to localhost
2020-04-30 00:13:34,516 [MainThread] - [INFO] - - Mqtt port set to 1885
2020-04-30 00:13:34,517 [MainThread] - [INFO] - - Mqtt username set to jrkassistant
2020-04-30 00:13:34,518 [MainThread] - [INFO] - - Mqtt password set to "hidden"
2020-04-30 00:13:34,520 [MainThread] - [INFO] - - Client id set to salon
2020-04-30 00:13:34,522 [MainThread] - [INFO] - - Hardware set to ReSpeaker Mic array v2
2020-04-30 00:13:34,523 [MainThread] - [INFO] - - Using pgas as pattern with 12 leds
2020-04-30 00:13:34,525 [MainThread] - [INFO] - Initializing leds controller
2020-04-30 00:13:34,989 [MainThread] - [INFO] - Hermes Led Control started
2020-04-30 00:13:38,499 [MainThread] - [INFO] - Shutting down Hermes Led Control
2020-04-30 00:13:42,330 [MainThread] - [INFO] - Starting Hermes Led Control v. 2.0.6
2020-04-30 00:13:42,365 [MainThread] - [INFO] - Initializing HermesLedControl
2020-04-30 00:13:42,435 [MainThread] - [INFO] - Initializing ProjectAlice settings
2020-04-30 00:13:42,437 [MainThread] - [INFO] - Loading configurations
2020-04-30 00:13:42,449 [MainThread] - [INFO] - Loaded 12 hardware references
2020-04-30 00:13:42,451 [MainThread] - [INFO] - - Mqtt server set to localhost
2020-04-30 00:13:42,453 [MainThread] - [INFO] - - Mqtt port set to 1885
2020-04-30 00:13:42,454 [MainThread] - [INFO] - - Mqtt username set to jrkassistant
2020-04-30 00:13:42,456 [MainThread] - [INFO] - - Mqtt password set to "hidden"
2020-04-30 00:13:42,458 [MainThread] - [INFO] - - Client id set to salon
2020-04-30 00:13:42,460 [MainThread] - [INFO] - - Hardware set to ReSpeaker Mic array v2
2020-04-30 00:13:42,461 [MainThread] - [INFO] - - Using pgas as pattern with 12 leds
2020-04-30 00:13:42,463 [MainThread] - [INFO] - Initializing leds controller
2020-04-30 00:13:43,034 [MainThread] - [INFO] - Hermes Led Control started
2020-04-30 00:13:44,357 [Thread-2] - [DEBUG] - On leds idle triggered
2020-04-30 00:14:16,598 [MainThread] - [INFO] - Shutting down Hermes Led Control
2020-04-30 00:14:21,163 [MainThread] - [INFO] - Starting Hermes Led Control v. 2.0.6
2020-04-30 00:14:21,191 [MainThread] - [INFO] - Initializing HermesLedControl
2020-04-30 00:14:21,254 [MainThread] - [INFO] - Initializing ProjectAlice settings
2020-04-30 00:14:21,255 [MainThread] - [INFO] - Loading configurations
2020-04-30 00:14:21,267 [MainThread] - [INFO] - Loaded 12 hardware references
2020-04-30 00:14:21,269 [MainThread] - [INFO] - - Mqtt server set to localhost
2020-04-30 00:14:21,270 [MainThread] - [INFO] - - Mqtt port set to 1885
2020-04-30 00:14:21,271 [MainThread] - [INFO] - - Mqtt username set to jrkassistant
2020-04-30 00:14:21,272 [MainThread] - [INFO] - - Mqtt password set to "hidden"
2020-04-30 00:14:21,274 [MainThread] - [INFO] - - Client id set to salon
2020-04-30 00:14:21,275 [MainThread] - [INFO] - - Hardware set to ReSpeaker Mic array v2
2020-04-30 00:14:21,276 [MainThread] - [INFO] - - Using pgas as pattern with 12 leds
2020-04-30 00:14:21,277 [MainThread] - [INFO] - Initializing leds controller
2020-04-30 00:14:21,699 [MainThread] - [INFO] - Hermes Led Control started
2020-04-30 00:14:27,025 [Thread-2] - [DEBUG] - On leds idle triggered
2020-04-30 00:17:48,775 [MainThread] - [INFO] - Shutting down Hermes Led Control
2020-04-30 00:17:53,495 [MainThread] - [INFO] - Starting Hermes Led Control v. 2.0.6
2020-04-30 00:17:53,520 [MainThread] - [INFO] - Initializing HermesLedControl
2020-04-30 00:17:53,580 [MainThread] - [INFO] - Initializing ProjectAlice settings
2020-04-30 00:17:53,581 [MainThread] - [INFO] - Loading configurations
2020-04-30 00:17:53,594 [MainThread] - [INFO] - Loaded 12 hardware references
2020-04-30 00:17:53,595 [MainThread] - [INFO] - - Mqtt server set to localhost
2020-04-30 00:17:53,596 [MainThread] - [INFO] - - Mqtt port set to 1885
2020-04-30 00:17:53,599 [MainThread] - [INFO] - - Mqtt username set to jrkassistant
2020-04-30 00:17:53,600 [MainThread] - [INFO] - - Mqtt password set to "hidden"
2020-04-30 00:17:53,602 [MainThread] - [INFO] - - Client id set to salon
2020-04-30 00:17:53,603 [MainThread] - [INFO] - - Hardware set to ReSpeaker Mic array v2
2020-04-30 00:17:53,605 [MainThread] - [INFO] - - Using pgas as pattern with 12 leds
2020-04-30 00:17:53,607 [MainThread] - [INFO] - Initializing leds controller
2020-04-30 00:17:54,055 [MainThread] - [INFO] - Hermes Led Control started
2020-04-30 00:17:59,767 [MainThread] - [INFO] - Shutting down Hermes Led Control
2020-04-30 00:18:03,709 [MainThread] - [INFO] - Starting Hermes Led Control v. 2.0.6
2020-04-30 00:18:03,744 [MainThread] - [INFO] - Initializing HermesLedControl
2020-04-30 00:18:03,828 [MainThread] - [INFO] - Initializing ProjectAlice settings
2020-04-30 00:18:03,830 [MainThread] - [INFO] - Loading configurations
2020-04-30 00:18:03,844 [MainThread] - [INFO] - Loaded 12 hardware references
2020-04-30 00:18:03,846 [MainThread] - [INFO] - - Mqtt server set to localhost
2020-04-30 00:18:03,848 [MainThread] - [INFO] - - Mqtt port set to 1885
2020-04-30 00:18:03,850 [MainThread] - [INFO] - - Mqtt username set to jrkassistant
2020-04-30 00:18:03,851 [MainThread] - [INFO] - - Mqtt password set to "hidden"
2020-04-30 00:18:03,854 [MainThread] - [INFO] - - Client id set to salon
2020-04-30 00:18:03,855 [MainThread] - [INFO] - - Hardware set to ReSpeaker Mic array v2
2020-04-30 00:18:03,857 [MainThread] - [INFO] - - Using pgas as pattern with 12 leds
2020-04-30 00:18:03,859 [MainThread] - [INFO] - Initializing leds controller
2020-04-30 00:18:04,342 [MainThread] - [INFO] - Hermes Led Control started
2020-04-30 00:18:05,255 [Thread-2] - [DEBUG] - On leds idle triggered
2020-04-30 00:18:24,985 [MainThread] - [INFO] - Shutting down Hermes Led Control
2020-04-30 00:18:30,919 [MainThread] - [INFO] - Starting Hermes Led Control v. 2.0.6
2020-04-30 00:18:30,948 [MainThread] - [INFO] - Initializing HermesLedControl
2020-04-30 00:18:31,016 [MainThread] - [INFO] - Initializing ProjectAlice settings
2020-04-30 00:18:31,017 [MainThread] - [INFO] - Loading configurations
2020-04-30 00:18:31,030 [MainThread] - [INFO] - Loaded 12 hardware references
2020-04-30 00:18:31,030 [MainThread] - [INFO] - - Mqtt server set to localhost
2020-04-30 00:18:31,031 [MainThread] - [INFO] - - Mqtt port set to 1885
2020-04-30 00:18:31,031 [MainThread] - [INFO] - - Mqtt username set to jrkassistant
2020-04-30 00:18:31,032 [MainThread] - [INFO] - - Mqtt password set to "hidden"
2020-04-30 00:18:31,032 [MainThread] - [INFO] - - Client id set to salon
2020-04-30 00:18:31,033 [MainThread] - [INFO] - - Hardware set to ReSpeaker Mic array v2
2020-04-30 00:18:31,034 [MainThread] - [INFO] - - Using pgas as pattern with 12 leds
2020-04-30 00:18:31,034 [MainThread] - [INFO] - Initializing leds controller
2020-04-30 00:18:31,270 [MainThread] - [INFO] - Hermes Led Control started
2020-04-30 00:19:23,761 [MainThread] - [INFO] - Shutting down Hermes Led Control
2020-04-30 00:19:27,345 [MainThread] - [INFO] - Starting Hermes Led Control v. 2.0.6
2020-04-30 00:19:27,370 [MainThread] - [INFO] - Initializing HermesLedControl
2020-04-30 00:19:27,432 [MainThread] - [INFO] - Initializing ProjectAlice settings
2020-04-30 00:19:27,433 [MainThread] - [INFO] - Loading configurations
2020-04-30 00:19:27,446 [MainThread] - [INFO] - Loaded 12 hardware references
2020-04-30 00:19:27,448 [MainThread] - [INFO] - - Mqtt server set to localhost
2020-04-30 00:19:27,449 [MainThread] - [INFO] - - Mqtt port set to 1885
2020-04-30 00:19:27,451 [MainThread] - [INFO] - - Mqtt username set to jrkassistant
2020-04-30 00:19:27,452 [MainThread] - [INFO] - - Mqtt password set to "hidden"
2020-04-30 00:19:27,453 [MainThread] - [INFO] - - Client id set to salon
2020-04-30 00:19:27,455 [MainThread] - [INFO] - - Hardware set to ReSpeaker Mic array v2
2020-04-30 00:19:27,456 [MainThread] - [INFO] - - Using pgas as pattern with 12 leds
2020-04-30 00:19:27,457 [MainThread] - [INFO] - Initializing leds controller
2020-04-30 00:19:27,892 [MainThread] - [INFO] - Hermes Led Control started
2020-04-30 00:19:42,019 [MainThread] - [INFO] - Shutting down Hermes Led Control
2020-04-30 00:19:55,510 [MainThread] - [INFO] - Starting Hermes Led Control v. 2.0.6
2020-04-30 00:19:55,536 [MainThread] - [INFO] - Initializing HermesLedControl
2020-04-30 00:19:55,600 [MainThread] - [INFO] - Initializing ProjectAlice settings
2020-04-30 00:19:55,601 [MainThread] - [INFO] - Loading configurations
2020-04-30 00:19:55,613 [MainThread] - [INFO] - Loaded 12 hardware references
2020-04-30 00:19:55,615 [MainThread] - [INFO] - - Mqtt server set to localhost
2020-04-30 00:19:55,616 [MainThread] - [INFO] - - Mqtt port set to 1885
2020-04-30 00:19:55,617 [MainThread] - [INFO] - - Mqtt username set to jrkassistant
2020-04-30 00:19:55,618 [MainThread] - [INFO] - - Mqtt password set to "hidden"
2020-04-30 00:19:55,619 [MainThread] - [INFO] - - Client id set to salon
2020-04-30 00:19:55,621 [MainThread] - [INFO] - - Hardware set to ReSpeaker Mic array v2
2020-04-30 00:19:55,622 [MainThread] - [INFO] - - Using pgas as pattern with 12 leds
2020-04-30 00:19:55,623 [MainThread] - [INFO] - Initializing leds controller
2020-04-30 00:19:56,159 [MainThread] - [INFO] - Hermes Led Control started
2020-04-30 00:20:33,435 [MainThread] - [INFO] - Shutting down Hermes Led Control
2020-04-30 00:20:39,976 [MainThread] - [INFO] - Starting Hermes Led Control v. 2.0.6
2020-04-30 00:20:40,007 [MainThread] - [INFO] - Initializing HermesLedControl
2020-04-30 00:20:40,073 [MainThread] - [INFO] - Initializing ProjectAlice settings
2020-04-30 00:20:40,075 [MainThread] - [INFO] - Loading configurations
2020-04-30 00:20:40,087 [MainThread] - [INFO] - Loaded 12 hardware references
2020-04-30 00:20:40,089 [MainThread] - [INFO] - - Mqtt server set to localhost
2020-04-30 00:20:40,090 [MainThread] - [INFO] - - Mqtt port set to 1885
2020-04-30 00:20:40,092 [MainThread] - [INFO] - - Mqtt username set to jrkassistant
2020-04-30 00:20:40,093 [MainThread] - [INFO] - - Mqtt password set to "hidden"
2020-04-30 00:20:40,094 [MainThread] - [INFO] - - Client id set to salon
2020-04-30 00:20:40,095 [MainThread] - [INFO] - - Hardware set to ReSpeaker Mic array v2
2020-04-30 00:20:40,096 [MainThread] - [INFO] - - Using pgas as pattern with 12 leds
2020-04-30 00:20:40,097 [MainThread] - [INFO] - Initializing leds controller
2020-04-30 00:20:40,553 [MainThread] - [INFO] - Hermes Led Control started
2020-04-30 00:20:46,768 [MainThread] - [INFO] - Shutting down Hermes Led Control
2020-04-30 00:21:20,876 [MainThread] - [INFO] - Starting Hermes Led Control v. 2.0.6
2020-04-30 00:21:20,887 [MainThread] - [INFO] - Initializing HermesLedControl
2020-04-30 00:21:20,916 [MainThread] - [INFO] - Initializing ProjectAlice settings
2020-04-30 00:21:20,917 [MainThread] - [INFO] - Loading configurations
2020-04-30 00:21:20,922 [MainThread] - [INFO] - Loaded 12 hardware references
2020-04-30 00:21:20,923 [MainThread] - [INFO] - - Mqtt server set to localhost
2020-04-30 00:21:20,924 [MainThread] - [INFO] - - Mqtt port set to 1885
2020-04-30 00:21:20,925 [MainThread] - [INFO] - - Mqtt username set to jrkassistant
2020-04-30 00:21:20,925 [MainThread] - [INFO] - - Mqtt password set to "hidden"
2020-04-30 00:21:20,926 [MainThread] - [INFO] - - Client id set to salon
2020-04-30 00:21:20,927 [MainThread] - [INFO] - - Hardware set to ReSpeaker Mic array v2
2020-04-30 00:21:20,927 [MainThread] - [INFO] - - Using pgas as pattern with 12 leds
2020-04-30 00:21:20,928 [MainThread] - [INFO] - Initializing leds controller
2020-04-30 00:21:21,154 [MainThread] - [INFO] - Hermes Led Control started
2020-04-30 00:21:21,663 [Thread-3] - [DEBUG] - aaaa
2020-04-30 00:21:21,665 [Thread-3] - [DEBUG] - bbb
2020-04-30 00:21:53,218 [MainThread] - [INFO] - Shutting down Hermes Led Control
2020-04-30 00:21:57,181 [MainThread] - [INFO] - Starting Hermes Led Control v. 2.0.6
2020-04-30 00:21:57,208 [MainThread] - [INFO] - Initializing HermesLedControl
2020-04-30 00:21:57,272 [MainThread] - [INFO] - Initializing ProjectAlice settings
2020-04-30 00:21:57,274 [MainThread] - [INFO] - Loading configurations
2020-04-30 00:21:57,286 [MainThread] - [INFO] - Loaded 12 hardware references
2020-04-30 00:21:57,288 [MainThread] - [INFO] - - Mqtt server set to localhost
2020-04-30 00:21:57,290 [MainThread] - [INFO] - - Mqtt port set to 1885
2020-04-30 00:21:57,292 [MainThread] - [INFO] - - Mqtt username set to jrkassistant
2020-04-30 00:21:57,293 [MainThread] - [INFO] - - Mqtt password set to "hidden"
2020-04-30 00:21:57,295 [MainThread] - [INFO] - - Client id set to salon
2020-04-30 00:21:57,297 [MainThread] - [INFO] - - Hardware set to ReSpeaker Mic array v2
2020-04-30 00:21:57,299 [MainThread] - [INFO] - - Using pgas as pattern with 12 leds
2020-04-30 00:21:57,300 [MainThread] - [INFO] - Initializing leds controller
2020-04-30 00:21:57,750 [MainThread] - [INFO] - Hermes Led Control started
2020-04-30 00:21:58,263 [Thread-3] - [DEBUG] - aaaa
2020-04-30 00:21:58,264 [Thread-3] - [DEBUG] - bbb
2020-04-30 00:21:58,280 [Thread-3] - [DEBUG] - bbb
2020-04-30 00:21:58,296 [Thread-3] - [DEBUG] - bbb
2020-04-30 00:21:58,313 [Thread-3] - [DEBUG] - bbb
2020-04-30 00:21:58,329 [Thread-3] - [DEBUG] - bbb
2020-04-30 00:21:58,345 [Thread-3] - [DEBUG] - bbb
2020-04-30 00:21:58,362 [Thread-3] - [DEBUG] - bbb
2020-04-30 00:21:58,378 [Thread-3] - [DEBUG] - bbb
2020-04-30 00:21:58,395 [Thread-3] - [DEBUG] - bbb
2020-04-30 00:21:58,411 [Thread-3] - [DEBUG] - bbb
2020-04-30 00:21:58,427 [Thread-3] - [DEBUG] - bbb
2020-04-30 00:21:58,444 [Thread-3] - [DEBUG] - bbb
2020-04-30 00:21:58,460 [Thread-3] - [DEBUG] - bbb
2020-04-30 00:21:58,477 [Thread-3] - [DEBUG] - bbb
2020-04-30 00:21:58,493 [Thread-3] - [DEBUG] - bbb
2020-04-30 00:21:58,509 [Thread-3] - [DEBUG] - bbb
2020-04-30 00:21:58,525 [Thread-3] - [DEBUG] - bbb
2020-04-30 00:21:58,541 [Thread-3] - [DEBUG] - bbb
2020-04-30 00:21:58,558 [Thread-3] - [DEBUG] - bbb
2020-04-30 00:21:58,574 [Thread-3] - [DEBUG] - ccc
2020-04-30 00:21:58,590 [Thread-3] - [DEBUG] - ccc
2020-04-30 00:21:58,607 [Thread-3] - [DEBUG] - ccc
2020-04-30 00:21:58,623 [Thread-3] - [DEBUG] - ccc
2020-04-30 00:21:58,640 [Thread-3] - [DEBUG] - ccc
2020-04-30 00:21:58,656 [Thread-3] - [DEBUG] - ccc
2020-04-30 00:21:58,672 [Thread-3] - [DEBUG] - ccc
2020-04-30 00:21:58,688 [Thread-3] - [DEBUG] - ccc
2020-04-30 00:21:58,706 [Thread-3] - [DEBUG] - ccc
2020-04-30 00:21:58,723 [Thread-3] - [DEBUG] - ccc
2020-04-30 00:21:58,740 [Thread-3] - [DEBUG] - ccc
2020-04-30 00:21:58,758 [Thread-3] - [DEBUG] - ccc
2020-04-30 00:21:58,775 [Thread-3] - [DEBUG] - ccc
2020-04-30 00:21:58,792 [Thread-3] - [DEBUG] - ccc
2020-04-30 00:21:58,809 [Thread-3] - [DEBUG] - ccc
2020-04-30 00:21:58,827 [Thread-3] - [DEBUG] - ccc
2020-04-30 00:21:58,843 [Thread-3] - [DEBUG] - ccc
2020-04-30 00:21:58,861 [Thread-3] - [DEBUG] - ccc
2020-04-30 00:21:58,878 [Thread-3] - [DEBUG] - ccc
2020-04-30 00:21:58,895 [Thread-3] - [DEBUG] - ccc
2020-04-30 00:21:58,913 [Thread-3] - [DEBUG] - aaaa
2020-04-30 00:21:58,915 [Thread-3] - [DEBUG] - bbb
2020-04-30 00:21:58,932 [Thread-3] - [DEBUG] - bbb
2020-04-30 00:21:58,948 [Thread-3] - [DEBUG] - bbb
2020-04-30 00:21:58,965 [Thread-3] - [DEBUG] - bbb
2020-04-30 00:21:58,981 [Thread-3] - [DEBUG] - bbb
2020-04-30 00:21:58,998 [Thread-3] - [DEBUG] - bbb
2020-04-30 00:21:59,015 [Thread-3] - [DEBUG] - bbb
2020-04-30 00:21:59,033 [Thread-3] - [DEBUG] - bbb
2020-04-30 00:21:59,049 [Thread-3] - [DEBUG] - bbb
2020-04-30 00:21:59,066 [Thread-3] - [DEBUG] - bbb
2020-04-30 00:21:59,084 [Thread-3] - [DEBUG] - bbb
2020-04-30 00:21:59,102 [Thread-3] - [DEBUG] - bbb
2020-04-30 00:21:59,119 [Thread-3] - [DEBUG] - bbb
2020-04-30 00:21:59,136 [Thread-3] - [DEBUG] - bbb
2020-04-30 00:21:59,153 [Thread-3] - [DEBUG] - bbb
2020-04-30 00:21:59,170 [Thread-3] - [DEBUG] - bbb
2020-04-30 00:21:59,188 [Thread-3] - [DEBUG] - bbb
2020-04-30 00:21:59,205 [Thread-3] - [DEBUG] - bbb
2020-04-30 00:21:59,223 [Thread-3] - [DEBUG] - bbb
2020-04-30 00:21:59,240 [Thread-3] - [DEBUG] - bbb
2020-04-30 00:21:59,258 [Thread-3] - [DEBUG] - ccc
2020-04-30 00:21:59,274 [Thread-3] - [DEBUG] - ccc
2020-04-30 00:21:59,291 [Thread-3] - [DEBUG] - ccc
2020-04-30 00:21:59,307 [Thread-3] - [DEBUG] - ccc
2020-04-30 00:21:59,324 [Thread-3] - [DEBUG] - ccc
2020-04-30 00:21:59,340 [Thread-3] - [DEBUG] - ccc
2020-04-30 00:21:59,357 [Thread-3] - [DEBUG] - ccc
2020-04-30 00:21:59,373 [Thread-3] - [DEBUG] - ccc
2020-04-30 00:21:59,389 [Thread-3] - [DEBUG] - ccc
2020-04-30 00:21:59,405 [Thread-3] - [DEBUG] - ccc
2020-04-30 00:21:59,422 [Thread-3] - [DEBUG] - ccc
2020-04-30 00:21:59,438 [Thread-3] - [DEBUG] - ccc
2020-04-30 00:21:59,456 [Thread-3] - [DEBUG] - ccc
2020-04-30 00:21:59,473 [Thread-3] - [DEBUG] - ccc
2020-04-30 00:21:59,490 [Thread-3] - [DEBUG] - ccc
2020-04-30 00:21:59,507 [Thread-3] - [DEBUG] - ccc
2020-04-30 00:21:59,524 [Thread-3] - [DEBUG] - ccc
2020-04-30 00:21:59,541 [Thread-3] - [DEBUG] - ccc
2020-04-30 00:21:59,559 [Thread-3] - [DEBUG] - ccc
2020-04-30 00:21:59,576 [Thread-3] - [DEBUG] - ccc
2020-04-30 00:21:59,592 [Thread-3] - [DEBUG] - aaaa
2020-04-30 00:21:59,593 [Thread-3] - [DEBUG] - bbb
2020-04-30 00:21:59,609 [Thread-3] - [DEBUG] - bbb
2020-04-30 00:21:59,625 [Thread-3] - [DEBUG] - bbb
2020-04-30 00:21:59,641 [Thread-3] - [DEBUG] - bbb
2020-04-30 00:21:59,658 [Thread-3] - [DEBUG] - bbb
2020-04-30 00:21:59,677 [Thread-3] - [DEBUG] - bbb
2020-04-30 00:21:59,695 [Thread-3] - [DEBUG] - bbb
2020-04-30 00:21:59,711 [Thread-3] - [DEBUG] - bbb
2020-04-30 00:21:59,728 [Thread-3] - [DEBUG] - bbb
2020-04-30 00:21:59,743 [Thread-3] - [DEBUG] - bbb
2020-04-30 00:21:59,758 [Thread-3] - [DEBUG] - bbb
2020-04-30 00:21:59,773 [Thread-3] - [DEBUG] - bbb
2020-04-30 00:21:59,788 [Thread-3] - [DEBUG] - bbb
2020-04-30 00:21:59,803 [Thread-3] - [DEBUG] - bbb
2020-04-30 00:21:59,818 [Thread-3] - [DEBUG] - bbb
2020-04-30 00:21:59,834 [Thread-3] - [DEBUG] - bbb
2020-04-30 00:21:59,852 [Thread-3] - [DEBUG] - bbb
2020-04-30 00:21:59,870 [Thread-3] - [DEBUG] - bbb
2020-04-30 00:21:59,887 [Thread-3] - [DEBUG] - bbb
2020-04-30 00:21:59,905 [Thread-3] - [DEBUG] - bbb
2020-04-30 00:21:59,922 [Thread-3] - [DEBUG] - ccc
2020-04-30 00:21:59,940 [Thread-3] - [DEBUG] - ccc
2020-04-30 00:21:59,957 [Thread-3] - [DEBUG] - ccc
2020-04-30 00:21:59,975 [Thread-3] - [DEBUG] - ccc
2020-04-30 00:21:59,993 [Thread-3] - [DEBUG] - ccc
2020-04-30 00:22:00,013 [Thread-3] - [DEBUG] - ccc
2020-04-30 00:22:00,031 [Thread-3] - [DEBUG] - ccc
2020-04-30 00:22:00,044 [Thread-3] - [DEBUG] - ccc
2020-04-30 00:22:00,060 [Thread-3] - [DEBUG] - ccc
2020-04-30 00:22:00,075 [Thread-3] - [DEBUG] - ccc
2020-04-30 00:22:00,088 [Thread-3] - [DEBUG] - ccc
2020-04-30 00:22:00,103 [Thread-3] - [DEBUG] - ccc
2020-04-30 00:22:00,118 [Thread-3] - [DEBUG] - ccc
2020-04-30 00:22:00,133 [Thread-3] - [DEBUG] - ccc
2020-04-30 00:22:00,147 [Thread-3] - [DEBUG] - ccc
2020-04-30 00:22:00,163 [Thread-3] - [DEBUG] - ccc
2020-04-30 00:22:00,176 [Thread-3] - [DEBUG] - ccc
2020-04-30 00:22:00,191 [Thread-3] - [DEBUG] - ccc
2020-04-30 00:22:00,207 [Thread-3] - [DEBUG] - ccc
2020-04-30 00:22:00,220 [Thread-3] - [DEBUG] - ccc
2020-04-30 00:22:32,620 [MainThread] - [INFO] - Shutting down Hermes Led Control
2020-04-30 00:22:35,922 [MainThread] - [INFO] - Starting Hermes Led Control v. 2.0.6
2020-04-30 00:22:35,956 [MainThread] - [INFO] - Initializing HermesLedControl
2020-04-30 00:22:36,032 [MainThread] - [INFO] - Initializing ProjectAlice settings
2020-04-30 00:22:36,034 [MainThread] - [INFO] - Loading configurations
2020-04-30 00:22:36,049 [MainThread] - [INFO] - Loaded 12 hardware references
2020-04-30 00:22:36,051 [MainThread] - [INFO] - - Mqtt server set to localhost
2020-04-30 00:22:36,052 [MainThread] - [INFO] - - Mqtt port set to 1885
2020-04-30 00:22:36,054 [MainThread] - [INFO] - - Mqtt username set to jrkassistant
2020-04-30 00:22:36,056 [MainThread] - [INFO] - - Mqtt password set to "hidden"
2020-04-30 00:22:36,058 [MainThread] - [INFO] - - Client id set to salon
2020-04-30 00:22:36,060 [MainThread] - [INFO] - - Hardware set to ReSpeaker Mic array v2
2020-04-30 00:22:36,062 [MainThread] - [INFO] - - Using pgas as pattern with 12 leds
2020-04-30 00:22:36,063 [MainThread] - [INFO] - Initializing leds controller
2020-04-30 00:22:36,533 [MainThread] - [INFO] - Hermes Led Control started
2020-04-30 00:22:37,040 [Thread-3] - [DEBUG] - aaaa
2020-04-30 00:22:37,041 [Thread-3] - [DEBUG] - bbb
2020-04-30 00:22:37,057 [Thread-3] - [DEBUG] - bbb
2020-04-30 00:22:37,070 [Thread-3] - [DEBUG] - bbb
2020-04-30 00:22:37,085 [Thread-3] - [DEBUG] - bbb
2020-04-30 00:22:37,100 [Thread-3] - [DEBUG] - bbb
2020-04-30 00:22:37,114 [Thread-3] - [DEBUG] - bbb
2020-04-30 00:22:37,129 [Thread-3] - [DEBUG] - bbb
2020-04-30 00:22:37,143 [Thread-3] - [DEBUG] - bbb
2020-04-30 00:22:37,158 [Thread-3] - [DEBUG] - bbb
2020-04-30 00:22:37,173 [Thread-3] - [DEBUG] - bbb
2020-04-30 00:22:37,188 [Thread-3] - [DEBUG] - bbb
2020-04-30 00:22:37,202 [Thread-3] - [DEBUG] - bbb
2020-04-30 00:22:37,217 [Thread-3] - [DEBUG] - bbb
2020-04-30 00:22:37,232 [Thread-3] - [DEBUG] - bbb
2020-04-30 00:22:37,247 [Thread-3] - [DEBUG] - bbb
2020-04-30 00:22:37,261 [Thread-3] - [DEBUG] - bbb
2020-04-30 00:22:37,275 [Thread-3] - [DEBUG] - bbb
2020-04-30 00:22:37,291 [Thread-3] - [DEBUG] - bbb
2020-04-30 00:22:37,306 [Thread-3] - [DEBUG] - bbb
2020-04-30 00:22:37,320 [Thread-3] - [DEBUG] - ccc
2020-04-30 00:22:37,335 [Thread-3] - [DEBUG] - ccc
2020-04-30 00:22:37,349 [Thread-3] - [DEBUG] - ccc
2020-04-30 00:22:37,364 [Thread-3] - [DEBUG] - ccc
2020-04-30 00:22:37,378 [Thread-3] - [DEBUG] - ccc
2020-04-30 00:22:37,393 [Thread-3] - [DEBUG] - ccc
2020-04-30 00:22:37,407 [Thread-3] - [DEBUG] - ccc
2020-04-30 00:22:37,422 [Thread-3] - [DEBUG] - ccc
2020-04-30 00:22:37,437 [Thread-3] - [DEBUG] - ccc
2020-04-30 00:22:37,451 [Thread-3] - [DEBUG] - ccc
2020-04-30 00:22:37,456 [Thread-2] - [DEBUG] - On leds idle triggered
2020-04-30 00:23:22,720 [MainThread] - [INFO] - Shutting down Hermes Led Control
2020-04-30 00:23:29,730 [MainThread] - [INFO] - Starting Hermes Led Control v. 2.0.6
2020-04-30 00:23:29,757 [MainThread] - [INFO] - Initializing HermesLedControl
2020-04-30 00:23:29,823 [MainThread] - [INFO] - Initializing ProjectAlice settings
2020-04-30 00:23:29,824 [MainThread] - [INFO] - Loading configurations
2020-04-30 00:23:29,836 [MainThread] - [INFO] - Loaded 12 hardware references
2020-04-30 00:23:29,838 [MainThread] - [INFO] - - Mqtt server set to localhost
2020-04-30 00:23:29,839 [MainThread] - [INFO] - - Mqtt port set to 1885
2020-04-30 00:23:29,841 [MainThread] - [INFO] - - Mqtt username set to jrkassistant
2020-04-30 00:23:29,842 [MainThread] - [INFO] - - Mqtt password set to "hidden"
2020-04-30 00:23:29,843 [MainThread] - [INFO] - - Client id set to salon
2020-04-30 00:23:29,844 [MainThread] - [INFO] - - Hardware set to ReSpeaker Mic array v2
2020-04-30 00:23:29,845 [MainThread] - [INFO] - - Using pgas as pattern with 12 leds
2020-04-30 00:23:29,846 [MainThread] - [INFO] - Initializing leds controller
2020-04-30 00:23:30,306 [MainThread] - [INFO] - Hermes Led Control started
2020-04-30 00:23:30,818 [Thread-3] - [DEBUG] - aaaa
2020-04-30 00:23:30,820 [Thread-3] - [DEBUG] - bbb
2020-04-30 00:23:30,837 [Thread-3] - [DEBUG] - bbb
2020-04-30 00:23:30,854 [Thread-3] - [DEBUG] - bbb
2020-04-30 00:23:30,871 [Thread-3] - [DEBUG] - bbb
2020-04-30 00:23:30,888 [Thread-3] - [DEBUG] - bbb
2020-04-30 00:23:30,905 [Thread-3] - [DEBUG] - bbb
2020-04-30 00:23:30,922 [Thread-3] - [DEBUG] - bbb
2020-04-30 00:23:30,939 [Thread-3] - [DEBUG] - bbb
2020-04-30 00:23:30,957 [Thread-3] - [DEBUG] - bbb
2020-04-30 00:23:30,975 [Thread-3] - [DEBUG] - bbb
2020-04-30 00:23:30,991 [Thread-3] - [DEBUG] - bbb
2020-04-30 00:23:31,007 [Thread-3] - [DEBUG] - bbb
2020-04-30 00:23:31,024 [Thread-3] - [DEBUG] - bbb
2020-04-30 00:23:31,040 [Thread-3] - [DEBUG] - bbb
2020-04-30 00:23:31,057 [Thread-3] - [DEBUG] - bbb
2020-04-30 00:23:31,073 [Thread-3] - [DEBUG] - bbb
2020-04-30 00:23:31,089 [Thread-3] - [DEBUG] - bbb
2020-04-30 00:23:31,105 [Thread-3] - [DEBUG] - bbb
2020-04-30 00:23:31,121 [Thread-3] - [DEBUG] - bbb
2020-04-30 00:23:31,137 [Thread-3] - [DEBUG] - ccc
2020-04-30 00:23:31,154 [Thread-3] - [DEBUG] - ccc
2020-04-30 00:23:31,170 [Thread-3] - [DEBUG] - ccc
2020-04-30 00:23:31,186 [Thread-3] - [DEBUG] - ccc
2020-04-30 00:23:31,202 [Thread-3] - [DEBUG] - ccc
2020-04-30 00:23:31,218 [Thread-3] - [DEBUG] - ccc
2020-04-30 00:23:31,235 [Thread-3] - [DEBUG] - ccc
2020-04-30 00:23:31,251 [Thread-3] - [DEBUG] - ccc
2020-04-30 00:23:31,267 [Thread-3] - [DEBUG] - ccc
2020-04-30 00:23:31,284 [Thread-3] - [DEBUG] - ccc
2020-04-30 00:23:31,300 [Thread-3] - [DEBUG] - ccc
2020-04-30 00:23:31,316 [Thread-3] - [DEBUG] - ccc
2020-04-30 00:23:31,333 [Thread-3] - [DEBUG] - ccc
2020-04-30 00:23:31,349 [Thread-3] - [DEBUG] - ccc
2020-04-30 00:23:31,365 [Thread-3] - [DEBUG] - ccc
2020-04-30 00:23:31,382 [Thread-3] - [DEBUG] - ccc
2020-04-30 00:23:31,399 [Thread-3] - [DEBUG] - ccc
2020-04-30 00:23:31,415 [Thread-3] - [DEBUG] - ccc
2020-04-30 00:23:31,433 [Thread-3] - [DEBUG] - ccc
2020-04-30 00:23:31,449 [Thread-3] - [DEBUG] - ccc
2020-04-30 00:23:31,466 [Thread-3] - [DEBUG] - aaaa
2020-04-30 00:23:31,468 [Thread-3] - [DEBUG] - bbb
2020-04-30 00:23:31,484 [Thread-3] - [DEBUG] - bbb
2020-04-30 00:23:31,501 [Thread-3] - [DEBUG] - bbb
2020-04-30 00:23:31,518 [Thread-3] - [DEBUG] - bbb
2020-04-30 00:23:31,534 [Thread-3] - [DEBUG] - bbb
2020-04-30 00:23:31,551 [Thread-3] - [DEBUG] - bbb
2020-04-30 00:23:31,568 [Thread-3] - [DEBUG] - bbb
2020-04-30 00:23:31,585 [Thread-3] - [DEBUG] - bbb
2020-04-30 00:23:31,604 [Thread-3] - [DEBUG] - bbb
2020-04-30 00:23:31,622 [Thread-3] - [DEBUG] - bbb
2020-04-30 00:23:31,637 [Thread-3] - [DEBUG] - bbb
2020-04-30 00:23:31,650 [Thread-3] - [DEBUG] - bbb
2020-04-30 00:23:31,666 [Thread-3] - [DEBUG] - bbb
2020-04-30 00:23:31,680 [Thread-3] - [DEBUG] - bbb
2020-04-30 00:23:31,695 [Thread-3] - [DEBUG] - bbb
2020-04-30 00:23:31,710 [Thread-3] - [DEBUG] - bbb
2020-04-30 00:23:31,724 [Thread-3] - [DEBUG] - bbb
2020-04-30 00:23:31,739 [Thread-3] - [DEBUG] - bbb
2020-04-30 00:23:31,753 [Thread-3] - [DEBUG] - bbb
2020-04-30 00:23:31,768 [Thread-3] - [DEBUG] - bbb
2020-04-30 00:23:31,783 [Thread-3] - [DEBUG] - ccc
2020-04-30 00:23:31,797 [Thread-3] - [DEBUG] - ccc
2020-04-30 00:23:31,812 [Thread-3] - [DEBUG] - ccc
2020-04-30 00:23:31,827 [Thread-3] - [DEBUG] - ccc
2020-04-30 00:23:31,841 [Thread-3] - [DEBUG] - ccc
2020-04-30 00:23:31,857 [Thread-3] - [DEBUG] - ccc
2020-04-30 00:23:31,871 [Thread-3] - [DEBUG] - ccc
2020-04-30 00:23:31,885 [Thread-3] - [DEBUG] - ccc
2020-04-30 00:23:31,900 [Thread-3] - [DEBUG] - ccc
2020-04-30 00:23:31,915 [Thread-3] - [DEBUG] - ccc
2020-04-30 00:23:31,929 [Thread-3] - [DEBUG] - ccc
2020-04-30 00:23:31,944 [Thread-3] - [DEBUG] - ccc
2020-04-30 00:23:31,958 [Thread-3] - [DEBUG] - ccc
2020-04-30 00:23:31,973 [Thread-3] - [DEBUG] - ccc
2020-04-30 00:23:31,988 [Thread-3] - [DEBUG] - ccc
2020-04-30 00:23:32,002 [Thread-3] - [DEBUG] - ccc
2020-04-30 00:23:32,018 [Thread-3] - [DEBUG] - ccc
2020-04-30 00:23:32,031 [Thread-3] - [DEBUG] - ccc
2020-04-30 00:23:32,048 [Thread-3] - [DEBUG] - ccc
2020-04-30 00:23:32,061 [Thread-3] - [DEBUG] - ccc
2020-04-30 00:23:32,076 [Thread-3] - [DEBUG] - aaaa
2020-04-30 00:23:32,077 [Thread-3] - [DEBUG] - bbb
2020-04-30 00:23:32,090 [Thread-3] - [DEBUG] - bbb
2020-04-30 00:23:32,105 [Thread-3] - [DEBUG] - bbb
2020-04-30 00:23:32,119 [Thread-3] - [DEBUG] - bbb
2020-04-30 00:23:32,134 [Thread-3] - [DEBUG] - bbb
2020-04-30 00:23:32,149 [Thread-3] - [DEBUG] - bbb
2020-04-30 00:23:32,164 [Thread-3] - [DEBUG] - bbb
2020-04-30 00:23:32,178 [Thread-3] - [DEBUG] - bbb
2020-04-30 00:23:32,193 [Thread-3] - [DEBUG] - bbb
2020-04-30 00:23:32,207 [Thread-3] - [DEBUG] - bbb
2020-04-30 00:23:32,222 [Thread-3] - [DEBUG] - bbb
2020-04-30 00:23:32,237 [Thread-3] - [DEBUG] - bbb
2020-04-30 00:23:32,251 [Thread-3] - [DEBUG] - bbb
2020-04-30 00:23:32,266 [Thread-3] - [DEBUG] - bbb
2020-04-30 00:23:32,281 [Thread-3] - [DEBUG] - bbb
2020-04-30 00:23:32,295 [Thread-3] - [DEBUG] - bbb
2020-04-30 00:23:32,311 [Thread-3] - [DEBUG] - bbb
2020-04-30 00:23:32,325 [Thread-3] - [DEBUG] - bbb
2020-04-30 00:23:32,339 [Thread-3] - [DEBUG] - bbb
2020-04-30 00:23:32,354 [Thread-3] - [DEBUG] - bbb
2020-04-30 00:23:32,368 [Thread-3] - [DEBUG] - ccc
2020-04-30 00:23:32,383 [Thread-3] - [DEBUG] - ccc
2020-04-30 00:23:32,397 [Thread-3] - [DEBUG] - ccc
2020-04-30 00:23:32,413 [Thread-3] - [DEBUG] - ccc
2020-04-30 00:23:32,427 [Thread-3] - [DEBUG] - ccc
2020-04-30 00:23:32,442 [Thread-3] - [DEBUG] - ccc
2020-04-30 00:23:32,457 [Thread-3] - [DEBUG] - ccc
2020-04-30 00:23:32,471 [Thread-3] - [DEBUG] - ccc
2020-04-30 00:23:32,486 [Thread-3] - [DEBUG] - ccc
2020-04-30 00:23:32,501 [Thread-3] - [DEBUG] - ccc
2020-04-30 00:23:32,515 [Thread-3] - [DEBUG] - ccc
2020-04-30 00:23:32,530 [Thread-3] - [DEBUG] - ccc
2020-04-30 00:23:32,545 [Thread-3] - [DEBUG] - ccc
2020-04-30 00:23:32,559 [Thread-3] - [DEBUG] - ccc
2020-04-30 00:23:32,574 [Thread-3] - [DEBUG] - ccc
2020-04-30 00:23:32,588 [Thread-3] - [DEBUG] - ccc
2020-04-30 00:23:32,603 [Thread-3] - [DEBUG] - ccc
2020-04-30 00:23:32,617 [Thread-3] - [DEBUG] - ccc
2020-04-30 00:23:32,632 [Thread-3] - [DEBUG] - ccc
2020-04-30 00:23:32,646 [Thread-3] - [DEBUG] - ccc
2020-04-30 00:23:58,367 [MainThread] - [INFO] - Shutting down Hermes Led Control
2020-04-30 00:24:01,847 [MainThread] - [INFO] - Starting Hermes Led Control v. 2.0.6
2020-04-30 00:24:01,883 [MainThread] - [INFO] - Initializing HermesLedControl
2020-04-30 00:24:01,950 [MainThread] - [INFO] - Initializing ProjectAlice settings
2020-04-30 00:24:01,952 [MainThread] - [INFO] - Loading configurations
2020-04-30 00:24:01,964 [MainThread] - [INFO] - Loaded 12 hardware references
2020-04-30 00:24:01,966 [MainThread] - [INFO] - - Mqtt server set to localhost
2020-04-30 00:24:01,967 [MainThread] - [INFO] - - Mqtt port set to 1885
2020-04-30 00:24:01,969 [MainThread] - [INFO] - - Mqtt username set to jrkassistant
2020-04-30 00:24:01,971 [MainThread] - [INFO] - - Mqtt password set to "hidden"
2020-04-30 00:24:01,972 [MainThread] - [INFO] - - Client id set to salon
2020-04-30 00:24:01,974 [MainThread] - [INFO] - - Hardware set to ReSpeaker Mic array v2
2020-04-30 00:24:01,976 [MainThread] - [INFO] - - Using pgas as pattern with 12 leds
2020-04-30 00:24:01,977 [MainThread] - [INFO] - Initializing leds controller
2020-04-30 00:24:02,267 [MainThread] - [INFO] - Hermes Led Control started
2020-04-30 00:24:02,777 [Thread-3] - [DEBUG] - aaaa
2020-04-30 00:24:02,780 [Thread-3] - [DEBUG] - bbb
2020-04-30 00:24:02,794 [Thread-3] - [DEBUG] - bbb
2020-04-30 00:24:02,809 [Thread-3] - [DEBUG] - bbb
2020-04-30 00:24:02,824 [Thread-3] - [DEBUG] - bbb
2020-04-30 00:24:02,838 [Thread-3] - [DEBUG] - bbb
2020-04-30 00:24:02,853 [Thread-3] - [DEBUG] - bbb
2020-04-30 00:24:02,869 [Thread-3] - [DEBUG] - bbb
2020-04-30 00:24:02,883 [Thread-3] - [DEBUG] - bbb
2020-04-30 00:24:02,898 [Thread-3] - [DEBUG] - bbb
2020-04-30 00:24:02,912 [Thread-3] - [DEBUG] - bbb
2020-04-30 00:24:02,926 [Thread-3] - [DEBUG] - bbb
2020-04-30 00:24:02,941 [Thread-3] - [DEBUG] - bbb
2020-04-30 00:24:02,956 [Thread-3] - [DEBUG] - bbb
2020-04-30 00:24:02,970 [Thread-3] - [DEBUG] - bbb
2020-04-30 00:24:02,985 [Thread-3] - [DEBUG] - bbb
2020-04-30 00:24:03,000 [Thread-3] - [DEBUG] - bbb
2020-04-30 00:24:03,014 [Thread-3] - [DEBUG] - bbb
2020-04-30 00:24:03,029 [Thread-3] - [DEBUG] - bbb
2020-04-30 00:24:03,044 [Thread-3] - [DEBUG] - bbb
2020-04-30 00:24:03,059 [Thread-3] - [DEBUG] - ccc
2020-04-30 00:24:03,072 [Thread-3] - [DEBUG] - ccc
2020-04-30 00:24:03,097 [Thread-3] - [DEBUG] - ccc
2020-04-30 00:24:03,113 [Thread-3] - [DEBUG] - ccc
2020-04-30 00:24:03,130 [Thread-3] - [DEBUG] - ccc
2020-04-30 00:24:03,146 [Thread-3] - [DEBUG] - ccc
2020-04-30 00:24:03,163 [Thread-3] - [DEBUG] - ccc
2020-04-30 00:24:03,179 [Thread-3] - [DEBUG] - ccc
2020-04-30 00:24:03,195 [Thread-3] - [DEBUG] - ccc
2020-04-30 00:24:03,211 [Thread-3] - [DEBUG] - ccc
2020-04-30 00:24:03,228 [Thread-3] - [DEBUG] - ccc
2020-04-30 00:24:03,244 [Thread-3] - [DEBUG] - ccc
2020-04-30 00:24:03,259 [Thread-3] - [DEBUG] - ccc
2020-04-30 00:24:03,275 [Thread-3] - [DEBUG] - ccc
2020-04-30 00:24:03,290 [Thread-3] - [DEBUG] - ccc
2020-04-30 00:24:03,306 [Thread-3] - [DEBUG] - ccc
2020-04-30 00:24:03,322 [Thread-3] - [DEBUG] - ccc
2020-04-30 00:24:03,337 [Thread-3] - [DEBUG] - ccc
2020-04-30 00:24:03,353 [Thread-3] - [DEBUG] - ccc
2020-04-30 00:24:03,368 [Thread-3] - [DEBUG] - ccc
2020-04-30 00:24:03,384 [Thread-3] - [DEBUG] - aaaa
2020-04-30 00:24:03,385 [Thread-3] - [DEBUG] - bbb
2020-04-30 00:24:03,401 [Thread-3] - [DEBUG] - bbb
2020-04-30 00:24:03,416 [Thread-3] - [DEBUG] - bbb
2020-04-30 00:24:03,432 [Thread-3] - [DEBUG] - bbb
2020-04-30 00:24:03,448 [Thread-3] - [DEBUG] - bbb
2020-04-30 00:24:03,464 [Thread-3] - [DEBUG] - bbb
2020-04-30 00:24:03,473 [Thread-2] - [DEBUG] - On leds idle triggered
2020-04-30 00:24:03,480 [Thread-3] - [DEBUG] - aaaa
2020-04-30 00:25:02,779 [MainThread] - [INFO] - Shutting down Hermes Led Control
2020-04-30 00:25:06,218 [MainThread] - [INFO] - Starting Hermes Led Control v. 2.0.6
2020-04-30 00:25:06,246 [MainThread] - [INFO] - Initializing HermesLedControl
2020-04-30 00:25:06,320 [MainThread] - [INFO] - Initializing ProjectAlice settings
2020-04-30 00:25:06,322 [MainThread] - [INFO] - Loading configurations
2020-04-30 00:25:06,337 [MainThread] - [INFO] - Loaded 12 hardware references
2020-04-30 00:25:06,339 [MainThread] - [INFO] - - Mqtt server set to localhost
2020-04-30 00:25:06,341 [MainThread] - [INFO] - - Mqtt port set to 1885
2020-04-30 00:25:06,342 [MainThread] - [INFO] - - Mqtt username set to jrkassistant
2020-04-30 00:25:06,343 [MainThread] - [INFO] - - Mqtt password set to "hidden"
2020-04-30 00:25:06,345 [MainThread] - [INFO] - - Client id set to salon
2020-04-30 00:25:06,347 [MainThread] - [INFO] - - Hardware set to ReSpeaker Mic array v2
2020-04-30 00:25:06,348 [MainThread] - [INFO] - - Using pgas as pattern with 12 leds
2020-04-30 00:25:06,350 [MainThread] - [INFO] - Initializing leds controller
2020-04-30 00:25:06,848 [MainThread] - [INFO] - Hermes Led Control started
2020-04-30 00:25:07,359 [Thread-3] - [DEBUG] - aaaa
2020-04-30 00:25:07,360 [Thread-3] - [DEBUG] - bbb
2020-04-30 00:25:07,377 [Thread-3] - [DEBUG] - bbb
2020-04-30 00:25:07,392 [Thread-3] - [DEBUG] - bbb
2020-04-30 00:25:07,406 [Thread-3] - [DEBUG] - bbb
2020-04-30 00:25:07,421 [Thread-3] - [DEBUG] - bbb
2020-04-30 00:25:07,437 [Thread-3] - [DEBUG] - bbb
2020-04-30 00:25:07,451 [Thread-3] - [DEBUG] - bbb
2020-04-30 00:25:07,465 [Thread-3] - [DEBUG] - bbb
2020-04-30 00:25:07,479 [Thread-3] - [DEBUG] - bbb
2020-04-30 00:25:07,493 [Thread-3] - [DEBUG] - bbb
2020-04-30 00:25:07,509 [Thread-3] - [DEBUG] - bbb
2020-04-30 00:25:07,523 [Thread-3] - [DEBUG] - bbb
2020-04-30 00:25:07,537 [Thread-3] - [DEBUG] - bbb
2020-04-30 00:25:07,552 [Thread-3] - [DEBUG] - bbb
2020-04-30 00:25:07,567 [Thread-3] - [DEBUG] - bbb
2020-04-30 00:25:07,581 [Thread-3] - [DEBUG] - bbb
2020-04-30 00:25:07,596 [Thread-3] - [DEBUG] - bbb
2020-04-30 00:25:07,611 [Thread-3] - [DEBUG] - bbb
2020-04-30 00:25:07,625 [Thread-3] - [DEBUG] - bbb
2020-04-30 00:25:07,640 [Thread-3] - [DEBUG] - ccc
2020-04-30 00:25:07,655 [Thread-3] - [DEBUG] - ccc
2020-04-30 00:25:07,669 [Thread-3] - [DEBUG] - ccc
2020-04-30 00:25:07,685 [Thread-3] - [DEBUG] - ccc
2020-04-30 00:25:07,699 [Thread-3] - [DEBUG] - ccc
2020-04-30 00:25:07,714 [Thread-3] - [DEBUG] - ccc
2020-04-30 00:25:07,729 [Thread-3] - [DEBUG] - ccc
2020-04-30 00:25:07,743 [Thread-3] - [DEBUG] - ccc
2020-04-30 00:25:07,757 [Thread-3] - [DEBUG] - ccc
2020-04-30 00:25:07,772 [Thread-3] - [DEBUG] - ccc
2020-04-30 00:25:07,787 [Thread-3] - [DEBUG] - ccc
2020-04-30 00:25:07,802 [Thread-3] - [DEBUG] - ccc
2020-04-30 00:25:07,816 [Thread-3] - [DEBUG] - ccc
2020-04-30 00:25:07,831 [Thread-3] - [DEBUG] - ccc
2020-04-30 00:25:07,846 [Thread-3] - [DEBUG] - ccc
2020-04-30 00:25:07,861 [Thread-3] - [DEBUG] - ccc
2020-04-30 00:25:07,875 [Thread-3] - [DEBUG] - ccc
2020-04-30 00:25:07,890 [Thread-3] - [DEBUG] - ccc
2020-04-30 00:25:07,904 [Thread-3] - [DEBUG] - ccc
2020-04-30 00:25:07,919 [Thread-3] - [DEBUG] - ccc
2020-04-30 00:25:07,933 [Thread-3] - [DEBUG] - aaaa
2020-04-30 00:25:07,934 [Thread-3] - [DEBUG] - bbb
2020-04-30 00:25:07,948 [Thread-3] - [DEBUG] - bbb
2020-04-30 00:25:07,963 [Thread-3] - [DEBUG] - bbb
2020-04-30 00:25:07,977 [Thread-3] - [DEBUG] - bbb
2020-04-30 00:25:07,992 [Thread-3] - [DEBUG] - bbb
2020-04-30 00:25:08,014 [Thread-3] - [DEBUG] - bbb
2020-04-30 00:25:08,031 [Thread-3] - [DEBUG] - bbb
2020-04-30 00:25:08,047 [Thread-3] - [DEBUG] - bbb
2020-04-30 00:25:08,064 [Thread-3] - [DEBUG] - bbb
2020-04-30 00:25:08,080 [Thread-3] - [DEBUG] - bbb
2020-04-30 00:25:08,096 [Thread-3] - [DEBUG] - bbb
2020-04-30 00:25:08,112 [Thread-3] - [DEBUG] - bbb
2020-04-30 00:25:08,133 [Thread-3] - [DEBUG] - bbb
2020-04-30 00:25:08,150 [Thread-3] - [DEBUG] - bbb
2020-04-30 00:25:08,164 [Thread-3] - [DEBUG] - bbb
2020-04-30 00:25:08,178 [Thread-3] - [DEBUG] - bbb
2020-04-30 00:25:08,193 [Thread-3] - [DEBUG] - bbb
2020-04-30 00:25:08,207 [Thread-3] - [DEBUG] - bbb
2020-04-30 00:25:08,222 [Thread-3] - [DEBUG] - bbb
2020-04-30 00:25:08,237 [Thread-3] - [DEBUG] - bbb
2020-04-30 00:25:08,252 [Thread-3] - [DEBUG] - ccc
2020-04-30 00:25:08,266 [Thread-3] - [DEBUG] - ccc
2020-04-30 00:25:08,280 [Thread-3] - [DEBUG] - ccc
2020-04-30 00:25:08,296 [Thread-3] - [DEBUG] - ccc
2020-04-30 00:25:08,310 [Thread-3] - [DEBUG] - ccc
2020-04-30 00:25:08,325 [Thread-3] - [DEBUG] - ccc
2020-04-30 00:25:08,339 [Thread-3] - [DEBUG] - ccc
2020-04-30 00:25:08,355 [Thread-3] - [DEBUG] - ccc
2020-04-30 00:25:08,369 [Thread-3] - [DEBUG] - ccc
2020-04-30 00:25:08,383 [Thread-3] - [DEBUG] - ccc
2020-04-30 00:25:08,399 [Thread-3] - [DEBUG] - ccc
2020-04-30 00:25:08,412 [Thread-3] - [DEBUG] - ccc
2020-04-30 00:25:08,427 [Thread-3] - [DEBUG] - ccc
2020-04-30 00:25:08,443 [Thread-3] - [DEBUG] - ccc
2020-04-30 00:25:08,456 [Thread-3] - [DEBUG] - ccc
2020-04-30 00:25:08,471 [Thread-3] - [DEBUG] - ccc
2020-04-30 00:25:08,495 [Thread-3] - [DEBUG] - ccc
2020-04-30 00:25:08,511 [Thread-3] - [DEBUG] - ccc
2020-04-30 00:25:08,528 [Thread-3] - [DEBUG] - ccc
2020-04-30 00:25:08,544 [Thread-3] - [DEBUG] - ccc
2020-04-30 00:25:08,561 [Thread-3] - [DEBUG] - aaaa
2020-04-30 00:25:08,563 [Thread-3] - [DEBUG] - bbb
2020-04-30 00:25:08,579 [Thread-3] - [DEBUG] - bbb
2020-04-30 00:25:08,596 [Thread-3] - [DEBUG] - bbb
2020-04-30 00:25:08,614 [Thread-3] - [DEBUG] - bbb
2020-04-30 00:25:08,630 [Thread-3] - [DEBUG] - bbb
2020-04-30 00:25:08,647 [Thread-3] - [DEBUG] - bbb
2020-04-30 00:25:08,664 [Thread-3] - [DEBUG] - bbb
2020-04-30 00:25:08,681 [Thread-3] - [DEBUG] - bbb
2020-04-30 00:25:08,697 [Thread-3] - [DEBUG] - bbb
2020-04-30 00:25:08,714 [Thread-3] - [DEBUG] - bbb
2020-04-30 00:25:08,731 [Thread-3] - [DEBUG] - bbb
2020-04-30 00:25:08,747 [Thread-3] - [DEBUG] - bbb
2020-04-30 00:25:08,764 [Thread-3] - [DEBUG] - bbb
2020-04-30 00:25:08,781 [Thread-3] - [DEBUG] - bbb
2020-04-30 00:25:08,798 [Thread-3] - [DEBUG] - bbb
2020-04-30 00:25:08,815 [Thread-3] - [DEBUG] - bbb
2020-04-30 00:25:08,831 [Thread-3] - [DEBUG] - bbb
2020-04-30 00:25:08,848 [Thread-3] - [DEBUG] - bbb
2020-04-30 00:25:08,865 [Thread-3] - [DEBUG] - bbb
2020-04-30 00:25:08,881 [Thread-3] - [DEBUG] - bbb
2020-04-30 00:25:08,898 [Thread-3] - [DEBUG] - ccc
2020-04-30 00:25:08,915 [Thread-3] - [DEBUG] - ccc
2020-04-30 00:25:08,932 [Thread-3] - [DEBUG] - ccc
2020-04-30 00:25:08,948 [Thread-3] - [DEBUG] - ccc
2020-04-30 00:25:08,964 [Thread-3] - [DEBUG] - ccc
2020-04-30 00:25:08,981 [Thread-3] - [DEBUG] - ccc
2020-04-30 00:25:08,998 [Thread-3] - [DEBUG] - ccc
2020-04-30 00:25:09,015 [Thread-3] - [DEBUG] - ccc
2020-04-30 00:25:09,031 [Thread-3] - [DEBUG] - ccc
2020-04-30 00:25:09,049 [Thread-3] - [DEBUG] - ccc
2020-04-30 00:25:09,067 [Thread-3] - [DEBUG] - ccc
2020-04-30 00:25:09,084 [Thread-3] - [DEBUG] - ccc
2020-04-30 00:25:09,101 [Thread-3] - [DEBUG] - ccc
2020-04-30 00:25:09,118 [Thread-3] - [DEBUG] - ccc
2020-04-30 00:25:09,134 [Thread-3] - [DEBUG] - ccc
2020-04-30 00:25:09,151 [Thread-3] - [DEBUG] - ccc
2020-04-30 00:25:09,167 [Thread-3] - [DEBUG] - ccc
2020-04-30 00:25:09,184 [Thread-3] - [DEBUG] - ccc
2020-04-30 00:25:09,201 [Thread-3] - [DEBUG] - ccc
2020-04-30 00:25:09,217 [Thread-3] - [DEBUG] - ccc
2020-04-30 00:26:07,663 [MainThread] - [INFO] - Shutting down Hermes Led Control
2020-04-30 00:26:11,982 [MainThread] - [INFO] - Starting Hermes Led Control v. 2.0.6
2020-04-30 00:26:12,009 [MainThread] - [INFO] - Initializing HermesLedControl
2020-04-30 00:26:12,078 [MainThread] - [INFO] - Initializing ProjectAlice settings
2020-04-30 00:26:12,080 [MainThread] - [INFO] - Loading configurations
2020-04-30 00:26:12,093 [MainThread] - [INFO] - Loaded 12 hardware references
2020-04-30 00:26:12,095 [MainThread] - [INFO] - - Mqtt server set to localhost
2020-04-30 00:26:12,098 [MainThread] - [INFO] - - Mqtt port set to 1885
2020-04-30 00:26:12,100 [MainThread] - [INFO] - - Mqtt username set to jrkassistant
2020-04-30 00:26:12,102 [MainThread] - [INFO] - - Mqtt password set to "hidden"
2020-04-30 00:26:12,104 [MainThread] - [INFO] - - Client id set to salon
2020-04-30 00:26:12,106 [MainThread] - [INFO] - - Hardware set to ReSpeaker Mic array v2
2020-04-30 00:26:12,108 [MainThread] - [INFO] - - Using pgas as pattern with 12 leds
2020-04-30 00:26:12,110 [MainThread] - [INFO] - Initializing leds controller
2020-04-30 00:26:12,681 [MainThread] - [INFO] - Hermes Led Control started
2020-04-30 00:26:13,191 [Thread-3] - [DEBUG] - aaaa
2020-04-30 00:26:13,192 [Thread-3] - [DEBUG] - bbb
2020-04-30 00:26:13,208 [Thread-3] - [DEBUG] - bbb
2020-04-30 00:26:13,223 [Thread-3] - [DEBUG] - bbb
2020-04-30 00:26:13,238 [Thread-3] - [DEBUG] - bbb
2020-04-30 00:26:13,253 [Thread-3] - [DEBUG] - bbb
2020-04-30 00:26:13,267 [Thread-3] - [DEBUG] - bbb
2020-04-30 00:26:13,281 [Thread-3] - [DEBUG] - bbb
2020-04-30 00:26:13,296 [Thread-3] - [DEBUG] - bbb
2020-04-30 00:26:13,312 [Thread-3] - [DEBUG] - bbb
2020-04-30 00:26:13,325 [Thread-3] - [DEBUG] - bbb
2020-04-30 00:26:13,340 [Thread-3] - [DEBUG] - bbb
2020-04-30 00:26:13,355 [Thread-3] - [DEBUG] - bbb
2020-04-30 00:26:13,370 [Thread-3] - [DEBUG] - bbb
2020-04-30 00:26:13,385 [Thread-3] - [DEBUG] - bbb
2020-04-30 00:26:13,398 [Thread-3] - [DEBUG] - bbb
2020-04-30 00:26:13,413 [Thread-3] - [DEBUG] - bbb
2020-04-30 00:26:13,428 [Thread-3] - [DEBUG] - bbb
2020-04-30 00:26:13,443 [Thread-3] - [DEBUG] - bbb
2020-04-30 00:26:13,458 [Thread-3] - [DEBUG] - bbb
2020-04-30 00:26:13,472 [Thread-3] - [DEBUG] - ccc
2020-04-30 00:26:13,487 [Thread-3] - [DEBUG] - ccc
2020-04-30 00:26:13,502 [Thread-3] - [DEBUG] - ccc
2020-04-30 00:26:13,516 [Thread-3] - [DEBUG] - ccc
2020-04-30 00:26:13,531 [Thread-3] - [DEBUG] - ccc
2020-04-30 00:26:13,545 [Thread-3] - [DEBUG] - ccc
2020-04-30 00:26:13,560 [Thread-3] - [DEBUG] - ccc
2020-04-30 00:26:13,575 [Thread-3] - [DEBUG] - ccc
2020-04-30 00:26:13,589 [Thread-3] - [DEBUG] - ccc
2020-04-30 00:26:13,604 [Thread-3] - [DEBUG] - ccc
2020-04-30 00:26:13,618 [Thread-3] - [DEBUG] - ccc
2020-04-30 00:26:13,634 [Thread-3] - [DEBUG] - ccc
2020-04-30 00:26:13,648 [Thread-3] - [DEBUG] - ccc
2020-04-30 00:26:13,663 [Thread-3] - [DEBUG] - ccc
2020-04-30 00:26:13,677 [Thread-3] - [DEBUG] - ccc
2020-04-30 00:26:13,691 [Thread-3] - [DEBUG] - ccc
2020-04-30 00:26:13,707 [Thread-3] - [DEBUG] - ccc
2020-04-30 00:26:13,721 [Thread-3] - [DEBUG] - ccc
2020-04-30 00:26:13,736 [Thread-3] - [DEBUG] - ccc
2020-04-30 00:26:13,751 [Thread-3] - [DEBUG] - ccc
2020-04-30 00:26:13,765 [Thread-3] - [DEBUG] - aaaa
2020-04-30 00:26:13,767 [Thread-3] - [DEBUG] - bbb
2020-04-30 00:26:13,781 [Thread-3] - [DEBUG] - bbb
2020-04-30 00:26:13,795 [Thread-3] - [DEBUG] - bbb
2020-04-30 00:26:13,809 [Thread-3] - [DEBUG] - bbb
2020-04-30 00:26:13,824 [Thread-3] - [DEBUG] - bbb
2020-04-30 00:26:13,848 [Thread-3] - [DEBUG] - bbb
2020-04-30 00:26:13,865 [Thread-3] - [DEBUG] - bbb
2020-04-30 00:26:13,881 [Thread-3] - [DEBUG] - bbb
2020-04-30 00:26:13,897 [Thread-3] - [DEBUG] - bbb
2020-04-30 00:26:13,914 [Thread-3] - [DEBUG] - bbb
2020-04-30 00:26:13,930 [Thread-3] - [DEBUG] - bbb
2020-04-30 00:26:13,947 [Thread-3] - [DEBUG] - bbb
2020-04-30 00:26:13,965 [Thread-3] - [DEBUG] - bbb
2020-04-30 00:26:13,982 [Thread-3] - [DEBUG] - bbb
2020-04-30 00:26:13,999 [Thread-3] - [DEBUG] - bbb
2020-04-30 00:26:14,016 [Thread-3] - [DEBUG] - bbb
2020-04-30 00:26:14,033 [Thread-3] - [DEBUG] - bbb
2020-04-30 00:26:14,050 [Thread-3] - [DEBUG] - bbb
2020-04-30 00:26:14,067 [Thread-3] - [DEBUG] - bbb
2020-04-30 00:26:14,084 [Thread-3] - [DEBUG] - bbb
2020-04-30 00:26:14,102 [Thread-3] - [DEBUG] - ccc
2020-04-30 00:26:14,119 [Thread-3] - [DEBUG] - ccc
2020-04-30 00:26:14,136 [Thread-3] - [DEBUG] - ccc
2020-04-30 00:26:14,153 [Thread-3] - [DEBUG] - ccc
2020-04-30 00:26:14,169 [Thread-3] - [DEBUG] - ccc
2020-04-30 00:26:14,185 [Thread-3] - [DEBUG] - ccc
2020-04-30 00:26:14,201 [Thread-3] - [DEBUG] - ccc
2020-04-30 00:26:14,218 [Thread-3] - [DEBUG] - ccc
2020-04-30 00:26:14,234 [Thread-3] - [DEBUG] - ccc
2020-04-30 00:26:14,250 [Thread-3] - [DEBUG] - ccc
2020-04-30 00:26:14,267 [Thread-3] - [DEBUG] - ccc
2020-04-30 00:26:14,285 [Thread-3] - [DEBUG] - ccc
2020-04-30 00:26:14,301 [Thread-3] - [DEBUG] - ccc
2020-04-30 00:26:14,318 [Thread-3] - [DEBUG] - ccc
2020-04-30 00:26:14,335 [Thread-3] - [DEBUG] - ccc
2020-04-30 00:26:14,351 [Thread-3] - [DEBUG] - ccc
2020-04-30 00:26:14,368 [Thread-3] - [DEBUG] - ccc
2020-04-30 00:26:14,385 [Thread-3] - [DEBUG] - ccc
2020-04-30 00:26:14,401 [Thread-3] - [DEBUG] - ccc
2020-04-30 00:26:14,418 [Thread-3] - [DEBUG] - ccc
2020-04-30 00:26:14,434 [Thread-3] - [DEBUG] - aaaa
2020-04-30 00:26:14,436 [Thread-3] - [DEBUG] - bbb
2020-04-30 00:26:14,452 [Thread-3] - [DEBUG] - bbb
2020-04-30 00:26:14,468 [Thread-3] - [DEBUG] - bbb
2020-04-30 00:26:14,484 [Thread-3] - [DEBUG] - bbb
2020-04-30 00:26:14,501 [Thread-3] - [DEBUG] - bbb
2020-04-30 00:26:14,517 [Thread-3] - [DEBUG] - bbb
2020-04-30 00:26:14,533 [Thread-3] - [DEBUG] - bbb
2020-04-30 00:26:14,549 [Thread-3] - [DEBUG] - bbb
2020-04-30 00:26:14,566 [Thread-3] - [DEBUG] - bbb
2020-04-30 00:26:14,582 [Thread-3] - [DEBUG] - bbb
2020-04-30 00:26:14,598 [Thread-3] - [DEBUG] - bbb
2020-04-30 00:26:14,615 [Thread-3] - [DEBUG] - bbb
2020-04-30 00:26:14,631 [Thread-3] - [DEBUG] - bbb
2020-04-30 00:26:14,647 [Thread-3] - [DEBUG] - bbb
2020-04-30 00:26:14,664 [Thread-3] - [DEBUG] - bbb
2020-04-30 00:26:14,680 [Thread-3] - [DEBUG] - bbb
2020-04-30 00:26:14,696 [Thread-3] - [DEBUG] - bbb
2020-04-30 00:26:14,713 [Thread-3] - [DEBUG] - bbb
2020-04-30 00:26:14,729 [Thread-3] - [DEBUG] - bbb
2020-04-30 00:26:14,746 [Thread-3] - [DEBUG] - bbb
2020-04-30 00:26:14,763 [Thread-3] - [DEBUG] - ccc
2020-04-30 00:26:14,779 [Thread-3] - [DEBUG] - ccc
2020-04-30 00:26:14,796 [Thread-3] - [DEBUG] - ccc
2020-04-30 00:26:14,813 [Thread-3] - [DEBUG] - ccc
2020-04-30 00:26:14,829 [Thread-3] - [DEBUG] - ccc
2020-04-30 00:26:14,846 [Thread-3] - [DEBUG] - ccc
2020-04-30 00:26:14,862 [Thread-3] - [DEBUG] - ccc
2020-04-30 00:26:14,879 [Thread-3] - [DEBUG] - ccc
2020-04-30 00:26:14,895 [Thread-3] - [DEBUG] - ccc
2020-04-30 00:26:14,912 [Thread-3] - [DEBUG] - ccc
2020-04-30 00:26:14,928 [Thread-3] - [DEBUG] - ccc
2020-04-30 00:26:14,944 [Thread-3] - [DEBUG] - ccc
2020-04-30 00:26:14,960 [Thread-3] - [DEBUG] - ccc
2020-04-30 00:26:14,977 [Thread-3] - [DEBUG] - ccc
2020-04-30 00:26:14,993 [Thread-3] - [DEBUG] - ccc
2020-04-30 00:26:15,009 [Thread-3] - [DEBUG] - ccc
2020-04-30 00:26:15,026 [Thread-3] - [DEBUG] - ccc
2020-04-30 00:26:15,042 [Thread-3] - [DEBUG] - ccc
2020-04-30 00:26:15,059 [Thread-3] - [DEBUG] - ccc
2020-04-30 00:26:15,075 [Thread-3] - [DEBUG] - ccc
2020-04-30 00:28:46,680 [MainThread] - [INFO] - Shutting down Hermes Led Control
2020-04-30 00:28:49,680 [MainThread] - [INFO] - Starting Hermes Led Control v. 2.0.6
2020-04-30 00:28:49,709 [MainThread] - [INFO] - Initializing HermesLedControl
2020-04-30 00:28:49,781 [MainThread] - [INFO] - Initializing ProjectAlice settings
2020-04-30 00:28:49,783 [MainThread] - [INFO] - Loading configurations
2020-04-30 00:28:49,795 [MainThread] - [INFO] - Loaded 12 hardware references
2020-04-30 00:28:49,797 [MainThread] - [INFO] - - Mqtt server set to localhost
2020-04-30 00:28:49,798 [MainThread] - [INFO] - - Mqtt port set to 1885
2020-04-30 00:28:49,800 [MainThread] - [INFO] - - Mqtt username set to jrkassistant
2020-04-30 00:28:49,801 [MainThread] - [INFO] - - Mqtt password set to "hidden"
2020-04-30 00:28:49,802 [MainThread] - [INFO] - - Client id set to salon
2020-04-30 00:28:49,804 [MainThread] - [INFO] - - Hardware set to ReSpeaker Mic array v2
2020-04-30 00:28:49,805 [MainThread] - [INFO] - - Using pgas as pattern with 12 leds
2020-04-30 00:28:49,807 [MainThread] - [INFO] - Initializing leds controller
2020-04-30 00:28:50,318 [MainThread] - [INFO] - Hermes Led Control started
2020-04-30 00:29:08,173 [Thread-2] - [DEBUG] - On leds idle triggered
2020-04-30 00:29:18,683 [MainThread] - [INFO] - Shutting down Hermes Led Control
2020-04-30 00:29:22,141 [MainThread] - [INFO] - Starting Hermes Led Control v. 2.0.6
2020-04-30 00:29:22,168 [MainThread] - [INFO] - Initializing HermesLedControl
2020-04-30 00:29:22,233 [MainThread] - [INFO] - Initializing ProjectAlice settings
2020-04-30 00:29:22,235 [MainThread] - [INFO] - Loading configurations
2020-04-30 00:29:22,247 [MainThread] - [INFO] - Loaded 12 hardware references
2020-04-30 00:29:22,249 [MainThread] - [INFO] - - Mqtt server set to localhost
2020-04-30 00:29:22,250 [MainThread] - [INFO] - - Mqtt port set to 1885
2020-04-30 00:29:22,251 [MainThread] - [INFO] - - Mqtt username set to jrkassistant
2020-04-30 00:29:22,252 [MainThread] - [INFO] - - Mqtt password set to "hidden"
2020-04-30 00:29:22,253 [MainThread] - [INFO] - - Client id set to salon
2020-04-30 00:29:22,255 [MainThread] - [INFO] - - Hardware set to ReSpeaker Mic array v2
2020-04-30 00:29:22,256 [MainThread] - [INFO] - - Using pgas as pattern with 12 leds
2020-04-30 00:29:22,257 [MainThread] - [INFO] - Initializing leds controller
2020-04-30 00:29:22,703 [MainThread] - [INFO] - Hermes Led Control started
2020-04-30 00:29:30,322 [MainThread] - [INFO] - Shutting down Hermes Led Control
2020-04-30 00:29:33,395 [MainThread] - [INFO] - Starting Hermes Led Control v. 2.0.6
2020-04-30 00:29:33,428 [MainThread] - [INFO] - Initializing HermesLedControl
2020-04-30 00:29:33,513 [MainThread] - [INFO] - Initializing ProjectAlice settings
2020-04-30 00:29:33,514 [MainThread] - [INFO] - Loading configurations
2020-04-30 00:29:33,530 [MainThread] - [INFO] - Loaded 12 hardware references
2020-04-30 00:29:33,531 [MainThread] - [INFO] - - Mqtt server set to localhost
2020-04-30 00:29:33,533 [MainThread] - [INFO] - - Mqtt port set to 1885
2020-04-30 00:29:33,535 [MainThread] - [INFO] - - Mqtt username set to jrkassistant
2020-04-30 00:29:33,537 [MainThread] - [INFO] - - Mqtt password set to "hidden"
2020-04-30 00:29:33,539 [MainThread] - [INFO] - - Client id set to salon
2020-04-30 00:29:33,541 [MainThread] - [INFO] - - Hardware set to ReSpeaker Mic array v2
2020-04-30 00:29:33,542 [MainThread] - [INFO] - - Using pgas as pattern with 12 leds
2020-04-30 00:29:33,544 [MainThread] - [INFO] - Initializing leds controller
2020-04-30 00:29:34,119 [MainThread] - [INFO] - Hermes Led Control started
2020-04-30 00:29:41,541 [MainThread] - [INFO] - Shutting down Hermes Led Control
2020-04-30 00:29:44,866 [MainThread] - [INFO] - Starting Hermes Led Control v. 2.0.6
2020-04-30 00:29:44,892 [MainThread] - [INFO] - Initializing HermesLedControl
2020-04-30 00:29:44,957 [MainThread] - [INFO] - Initializing ProjectAlice settings
2020-04-30 00:29:44,958 [MainThread] - [INFO] - Loading configurations
2020-04-30 00:29:44,970 [MainThread] - [INFO] - Loaded 12 hardware references
2020-04-30 00:29:44,972 [MainThread] - [INFO] - - Mqtt server set to localhost
2020-04-30 00:29:44,973 [MainThread] - [INFO] - - Mqtt port set to 1885
2020-04-30 00:29:44,974 [MainThread] - [INFO] - - Mqtt username set to jrkassistant
2020-04-30 00:29:44,976 [MainThread] - [INFO] - - Mqtt password set to "hidden"
2020-04-30 00:29:44,978 [MainThread] - [INFO] - - Client id set to salon
2020-04-30 00:29:44,979 [MainThread] - [INFO] - - Hardware set to ReSpeaker Mic array v2
2020-04-30 00:29:44,980 [MainThread] - [INFO] - - Using pgas as pattern with 12 leds
2020-04-30 00:29:44,982 [MainThread] - [INFO] - Initializing leds controller
2020-04-30 00:29:45,412 [MainThread] - [INFO] - Hermes Led Control started
2020-04-30 00:30:30,711 [MainThread] - [INFO] - Shutting down Hermes Led Control
2020-04-30 00:30:34,689 [MainThread] - [INFO] - Starting Hermes Led Control v. 2.0.6
2020-04-30 00:30:34,717 [MainThread] - [INFO] - Initializing HermesLedControl
2020-04-30 00:30:34,786 [MainThread] - [INFO] - Initializing ProjectAlice settings
2020-04-30 00:30:34,787 [MainThread] - [INFO] - Loading configurations
2020-04-30 00:30:34,801 [MainThread] - [INFO] - Loaded 12 hardware references
2020-04-30 00:30:34,803 [MainThread] - [INFO] - - Mqtt server set to localhost
2020-04-30 00:30:34,804 [MainThread] - [INFO] - - Mqtt port set to 1885
2020-04-30 00:30:34,806 [MainThread] - [INFO] - - Mqtt username set to jrkassistant
2020-04-30 00:30:34,808 [MainThread] - [INFO] - - Mqtt password set to "hidden"
2020-04-30 00:30:34,809 [MainThread] - [INFO] - - Client id set to salon
2020-04-30 00:30:34,811 [MainThread] - [INFO] - - Hardware set to ReSpeaker Mic array v2
2020-04-30 00:30:34,813 [MainThread] - [INFO] - - Using pgas as pattern with 12 leds
2020-04-30 00:30:34,815 [MainThread] - [INFO] - Initializing leds controller
2020-04-30 00:30:35,260 [MainThread] - [INFO] - Hermes Led Control started
2020-04-30 00:30:38,371 [MainThread] - [INFO] - Shutting down Hermes Led Control
2020-04-30 00:32:41,322 [MainThread] - [INFO] - Starting Hermes Led Control v. 2.0.6
2020-04-30 00:32:41,357 [MainThread] - [INFO] - Initializing HermesLedControl
2020-04-30 00:32:41,425 [MainThread] - [INFO] - Initializing ProjectAlice settings
2020-04-30 00:32:41,426 [MainThread] - [INFO] - Loading configurations
2020-04-30 00:32:41,438 [MainThread] - [INFO] - Loaded 12 hardware references
2020-04-30 00:32:41,440 [MainThread] - [INFO] - - Mqtt server set to localhost
2020-04-30 00:32:41,441 [MainThread] - [INFO] - - Mqtt port set to 1885
2020-04-30 00:32:41,442 [MainThread] - [INFO] - - Mqtt username set to jrkassistant
2020-04-30 00:32:41,443 [MainThread] - [INFO] - - Mqtt password set to "hidden"
2020-04-30 00:32:41,444 [MainThread] - [INFO] - - Client id set to salon
2020-04-30 00:32:41,445 [MainThread] - [INFO] - - Hardware set to ReSpeaker Mic array v2
2020-04-30 00:32:41,446 [MainThread] - [INFO] - - Using pgas as pattern with 12 leds
2020-04-30 00:32:41,448 [MainThread] - [INFO] - Initializing leds controller
2020-04-30 00:32:41,867 [MainThread] - [INFO] - Hermes Led Control started
2020-04-30 00:32:42,377 [Thread-3] - [DEBUG] - 11
2020-04-30 00:32:42,380 [Thread-3] - [DEBUG] - 10
2020-04-30 00:32:42,383 [Thread-3] - [DEBUG] - 9
2020-04-30 00:33:07,025 [MainThread] - [INFO] - Shutting down Hermes Led Control
2020-04-30 00:33:10,983 [MainThread] - [INFO] - Starting Hermes Led Control v. 2.0.6
2020-04-30 00:33:11,010 [MainThread] - [INFO] - Initializing HermesLedControl
2020-04-30 00:33:11,074 [MainThread] - [INFO] - Initializing ProjectAlice settings
2020-04-30 00:33:11,075 [MainThread] - [INFO] - Loading configurations
2020-04-30 00:33:11,090 [MainThread] - [INFO] - Loaded 12 hardware references
2020-04-30 00:33:11,091 [MainThread] - [INFO] - - Mqtt server set to localhost
2020-04-30 00:33:11,092 [MainThread] - [INFO] - - Mqtt port set to 1885
2020-04-30 00:33:11,094 [MainThread] - [INFO] - - Mqtt username set to jrkassistant
2020-04-30 00:33:11,095 [MainThread] - [INFO] - - Mqtt password set to "hidden"
2020-04-30 00:33:11,096 [MainThread] - [INFO] - - Client id set to salon
2020-04-30 00:33:11,097 [MainThread] - [INFO] - - Hardware set to ReSpeaker Mic array v2
2020-04-30 00:33:11,099 [MainThread] - [INFO] - - Using pgas as pattern with 12 leds
2020-04-30 00:33:11,100 [MainThread] - [INFO] - Initializing leds controller
2020-04-30 00:33:11,570 [MainThread] - [INFO] - Hermes Led Control started
2020-04-30 00:33:12,078 [Thread-3] - [DEBUG] - start at: 0
2020-04-30 00:33:12,081 [Thread-3] - [DEBUG] - 11
2020-04-30 00:33:12,083 [Thread-3] - [DEBUG] - 10
2020-04-30 00:33:12,085 [Thread-3] - [DEBUG] - 9
2020-04-30 00:33:40,447 [MainThread] - [INFO] - Shutting down Hermes Led Control
2020-04-30 00:33:43,181 [MainThread] - [INFO] - Starting Hermes Led Control v. 2.0.6
2020-04-30 00:33:43,208 [MainThread] - [INFO] - Initializing HermesLedControl
2020-04-30 00:33:43,273 [MainThread] - [INFO] - Initializing ProjectAlice settings
2020-04-30 00:33:43,275 [MainThread] - [INFO] - Loading configurations
2020-04-30 00:33:43,288 [MainThread] - [INFO] - Loaded 12 hardware references
2020-04-30 00:33:43,289 [MainThread] - [INFO] - - Mqtt server set to localhost
2020-04-30 00:33:43,291 [MainThread] - [INFO] - - Mqtt port set to 1885
2020-04-30 00:33:43,292 [MainThread] - [INFO] - - Mqtt username set to jrkassistant
2020-04-30 00:33:43,293 [MainThread] - [INFO] - - Mqtt password set to "hidden"
2020-04-30 00:33:43,295 [MainThread] - [INFO] - - Client id set to salon
2020-04-30 00:33:43,296 [MainThread] - [INFO] - - Hardware set to ReSpeaker Mic array v2
2020-04-30 00:33:43,297 [MainThread] - [INFO] - - Using pgas as pattern with 12 leds
2020-04-30 00:33:43,298 [MainThread] - [INFO] - Initializing leds controller
2020-04-30 00:33:43,726 [MainThread] - [INFO] - Hermes Led Control started
2020-04-30 00:33:44,240 [Thread-3] - [DEBUG] - start at: 0
2020-04-30 00:34:02,667 [MainThread] - [INFO] - Shutting down Hermes Led Control
2020-04-30 00:34:06,109 [MainThread] - [INFO] - Starting Hermes Led Control v. 2.0.6
2020-04-30 00:34:06,124 [MainThread] - [INFO] - Initializing HermesLedControl
2020-04-30 00:34:06,164 [MainThread] - [INFO] - Initializing ProjectAlice settings
2020-04-30 00:34:06,165 [MainThread] - [INFO] - Loading configurations
2020-04-30 00:34:06,175 [MainThread] - [INFO] - Loaded 12 hardware references
2020-04-30 00:34:06,177 [MainThread] - [INFO] - - Mqtt server set to localhost
2020-04-30 00:34:06,179 [MainThread] - [INFO] - - Mqtt port set to 1885
2020-04-30 00:34:06,181 [MainThread] - [INFO] - - Mqtt username set to jrkassistant
2020-04-30 00:34:06,183 [MainThread] - [INFO] - - Mqtt password set to "hidden"
2020-04-30 00:34:06,184 [MainThread] - [INFO] - - Client id set to salon
2020-04-30 00:34:06,186 [MainThread] - [INFO] - - Hardware set to ReSpeaker Mic array v2
2020-04-30 00:34:06,187 [MainThread] - [INFO] - - Using pgas as pattern with 12 leds
2020-04-30 00:34:06,190 [MainThread] - [INFO] - Initializing leds controller
2020-04-30 00:34:06,768 [MainThread] - [INFO] - Hermes Led Control started
2020-04-30 00:34:07,278 [Thread-3] - [DEBUG] - start at: 0
2020-04-30 00:34:35,129 [MainThread] - [INFO] - Shutting down Hermes Led Control
2020-04-30 00:34:37,828 [MainThread] - [INFO] - Starting Hermes Led Control v. 2.0.6
2020-04-30 00:34:37,856 [MainThread] - [INFO] - Initializing HermesLedControl
2020-04-30 00:34:37,921 [MainThread] - [INFO] - Initializing ProjectAlice settings
2020-04-30 00:34:37,922 [MainThread] - [INFO] - Loading configurations
2020-04-30 00:34:37,934 [MainThread] - [INFO] - Loaded 12 hardware references
2020-04-30 00:34:37,936 [MainThread] - [INFO] - - Mqtt server set to localhost
2020-04-30 00:34:37,937 [MainThread] - [INFO] - - Mqtt port set to 1885
2020-04-30 00:34:37,939 [MainThread] - [INFO] - - Mqtt username set to jrkassistant
2020-04-30 00:34:37,940 [MainThread] - [INFO] - - Mqtt password set to "hidden"
2020-04-30 00:34:37,942 [MainThread] - [INFO] - - Client id set to salon
2020-04-30 00:34:37,943 [MainThread] - [INFO] - - Hardware set to ReSpeaker Mic array v2
2020-04-30 00:34:37,944 [MainThread] - [INFO] - - Using pgas as pattern with 12 leds
2020-04-30 00:34:37,945 [MainThread] - [INFO] - Initializing leds controller
2020-04-30 00:34:38,416 [MainThread] - [INFO] - Hermes Led Control started
2020-04-30 00:34:38,927 [Thread-3] - [DEBUG] - start at: 0
2020-04-30 00:35:18,298 [MainThread] - [INFO] - Shutting down Hermes Led Control
2020-04-30 00:35:21,594 [MainThread] - [INFO] - Starting Hermes Led Control v. 2.0.6
2020-04-30 00:35:21,623 [MainThread] - [INFO] - Initializing HermesLedControl
2020-04-30 00:35:21,690 [MainThread] - [INFO] - Initializing ProjectAlice settings
2020-04-30 00:35:21,692 [MainThread] - [INFO] - Loading configurations
2020-04-30 00:35:21,705 [MainThread] - [INFO] - Loaded 12 hardware references
2020-04-30 00:35:21,707 [MainThread] - [INFO] - - Mqtt server set to localhost
2020-04-30 00:35:21,708 [MainThread] - [INFO] - - Mqtt port set to 1885
2020-04-30 00:35:21,710 [MainThread] - [INFO] - - Mqtt username set to jrkassistant
2020-04-30 00:35:21,711 [MainThread] - [INFO] - - Mqtt password set to "hidden"
2020-04-30 00:35:21,712 [MainThread] - [INFO] - - Client id set to salon
2020-04-30 00:35:21,714 [MainThread] - [INFO] - - Hardware set to ReSpeaker Mic array v2
2020-04-30 00:35:21,716 [MainThread] - [INFO] - - Using pgas as pattern with 12 leds
2020-04-30 00:35:21,717 [MainThread] - [INFO] - Initializing leds controller
2020-04-30 00:35:22,261 [MainThread] - [INFO] - Hermes Led Control started
2020-04-30 00:35:22,769 [Thread-3] - [DEBUG] - start at: 0
2020-04-30 00:36:02,442 [MainThread] - [INFO] - Shutting down Hermes Led Control
2020-04-30 00:36:05,648 [MainThread] - [INFO] - Starting Hermes Led Control v. 2.0.6
2020-04-30 00:36:05,674 [MainThread] - [INFO] - Initializing HermesLedControl
2020-04-30 00:36:05,735 [MainThread] - [INFO] - Initializing ProjectAlice settings
2020-04-30 00:36:05,737 [MainThread] - [INFO] - Loading configurations
2020-04-30 00:36:05,749 [MainThread] - [INFO] - Loaded 12 hardware references
2020-04-30 00:36:05,750 [MainThread] - [INFO] - - Mqtt server set to localhost
2020-04-30 00:36:05,751 [MainThread] - [INFO] - - Mqtt port set to 1885
2020-04-30 00:36:05,753 [MainThread] - [INFO] - - Mqtt username set to jrkassistant
2020-04-30 00:36:05,754 [MainThread] - [INFO] - - Mqtt password set to "hidden"
2020-04-30 00:36:05,755 [MainThread] - [INFO] - - Client id set to salon
2020-04-30 00:36:05,756 [MainThread] - [INFO] - - Hardware set to ReSpeaker Mic array v2
2020-04-30 00:36:05,757 [MainThread] - [INFO] - - Using pgas as pattern with 12 leds
2020-04-30 00:36:05,758 [MainThread] - [INFO] - Initializing leds controller
2020-04-30 00:36:06,201 [MainThread] - [INFO] - Hermes Led Control started
2020-04-30 00:36:06,707 [Thread-3] - [DEBUG] - start at: 0
2020-04-30 00:36:46,777 [MainThread] - [INFO] - Shutting down Hermes Led Control
2020-04-30 00:36:49,984 [MainThread] - [INFO] - Starting Hermes Led Control v. 2.0.6
2020-04-30 00:36:50,008 [MainThread] - [INFO] - Initializing HermesLedControl
2020-04-30 00:36:50,070 [MainThread] - [INFO] - Initializing ProjectAlice settings
2020-04-30 00:36:50,071 [MainThread] - [INFO] - Loading configurations
2020-04-30 00:36:50,083 [MainThread] - [INFO] - Loaded 12 hardware references
2020-04-30 00:36:50,084 [MainThread] - [INFO] - - Mqtt server set to localhost
2020-04-30 00:36:50,085 [MainThread] - [INFO] - - Mqtt port set to 1885
2020-04-30 00:36:50,086 [MainThread] - [INFO] - - Mqtt username set to jrkassistant
2020-04-30 00:36:50,088 [MainThread] - [INFO] - - Mqtt password set to "hidden"
2020-04-30 00:36:50,089 [MainThread] - [INFO] - - Client id set to salon
2020-04-30 00:36:50,091 [MainThread] - [INFO] - - Hardware set to ReSpeaker Mic array v2
2020-04-30 00:36:50,092 [MainThread] - [INFO] - - Using pgas as pattern with 12 leds
2020-04-30 00:36:50,093 [MainThread] - [INFO] - Initializing leds controller
2020-04-30 00:36:50,326 [MainThread] - [INFO] - Hermes Led Control started
2020-04-30 00:36:58,542 [MainThread] - [INFO] - Shutting down Hermes Led Control
2020-04-30 00:37:01,295 [MainThread] - [INFO] - Starting Hermes Led Control v. 2.0.6
2020-04-30 00:37:01,307 [MainThread] - [INFO] - Initializing HermesLedControl
2020-04-30 00:37:01,340 [MainThread] - [INFO] - Initializing ProjectAlice settings
2020-04-30 00:37:01,341 [MainThread] - [INFO] - Loading configurations
2020-04-30 00:37:01,347 [MainThread] - [INFO] - Loaded 12 hardware references
2020-04-30 00:37:01,348 [MainThread] - [INFO] - - Mqtt server set to localhost
2020-04-30 00:37:01,349 [MainThread] - [INFO] - - Mqtt port set to 1885
2020-04-30 00:37:01,350 [MainThread] - [INFO] - - Mqtt username set to jrkassistant
2020-04-30 00:37:01,351 [MainThread] - [INFO] - - Mqtt password set to "hidden"
2020-04-30 00:37:01,351 [MainThread] - [INFO] - - Client id set to salon
2020-04-30 00:37:01,352 [MainThread] - [INFO] - - Hardware set to ReSpeaker Mic array v2
2020-04-30 00:37:01,353 [MainThread] - [INFO] - - Using pgas as pattern with 12 leds
2020-04-30 00:37:01,354 [MainThread] - [INFO] - Initializing leds controller
2020-04-30 00:37:01,584 [MainThread] - [INFO] - Hermes Led Control started
2020-04-30 00:37:22,729 [MainThread] - [INFO] - Shutting down Hermes Led Control
2020-04-30 00:37:26,296 [MainThread] - [INFO] - Starting Hermes Led Control v. 2.0.6
2020-04-30 00:37:26,331 [MainThread] - [INFO] - Initializing HermesLedControl
2020-04-30 00:37:26,417 [MainThread] - [INFO] - Initializing ProjectAlice settings
2020-04-30 00:37:26,419 [MainThread] - [INFO] - Loading configurations
2020-04-30 00:37:26,435 [MainThread] - [INFO] - Loaded 12 hardware references
2020-04-30 00:37:26,438 [MainThread] - [INFO] - - Mqtt server set to localhost
2020-04-30 00:37:26,440 [MainThread] - [INFO] - - Mqtt port set to 1885
2020-04-30 00:37:26,442 [MainThread] - [INFO] - - Mqtt username set to jrkassistant
2020-04-30 00:37:26,444 [MainThread] - [INFO] - - Mqtt password set to "hidden"
2020-04-30 00:37:26,446 [MainThread] - [INFO] - - Client id set to salon
2020-04-30 00:37:26,449 [MainThread] - [INFO] - - Hardware set to ReSpeaker Mic array v2
2020-04-30 00:37:26,451 [MainThread] - [INFO] - - Using pgas as pattern with 12 leds
2020-04-30 00:37:26,453 [MainThread] - [INFO] - Initializing leds controller
2020-04-30 00:37:27,017 [MainThread] - [INFO] - Hermes Led Control started
