2020-04-29 23:33:40,377 [Thread-3] - [DEBUG] - BEF
2020-04-29 23:33:40,409 [Thread-3] - [DEBUG] - BEF
2020-04-29 23:33:40,438 [Thread-3] - [DEBUG] - BEF
2020-04-29 23:33:40,467 [Thread-3] - [DEBUG] - BEF
2020-04-29 23:33:40,496 [Thread-3] - [DEBUG] - BEF
2020-04-29 23:33:40,524 [Thread-3] - [DEBUG] - BEF
2020-04-29 23:33:40,553 [Thread-3] - [DEBUG] - BEF
2020-04-29 23:33:40,575 [Thread-3] - [DEBUG] - SET
2020-04-29 23:33:40,583 [Thread-3] - [DEBUG] - BEF
2020-04-29 23:33:40,612 [Thread-3] - [DEBUG] - BEF
2020-04-29 23:33:40,640 [Thread-3] - [DEBUG] - BEF
2020-04-29 23:33:40,669 [Thread-3] - [DEBUG] - BEF
2020-04-29 23:33:40,699 [Thread-3] - [DEBUG] - BEF
2020-04-29 23:33:40,728 [Thread-3] - [DEBUG] - BEF
2020-04-29 23:33:40,757 [Thread-3] - [DEBUG] - BEF
2020-04-29 23:33:40,779 [Thread-3] - [DEBUG] - SET
2020-04-29 23:33:40,787 [Thread-3] - [DEBUG] - BEF
2020-04-29 23:33:40,816 [Thread-3] - [DEBUG] - BEF
2020-04-29 23:33:40,845 [Thread-3] - [DEBUG] - BEF
2020-04-29 23:33:40,874 [Thread-3] - [DEBUG] - BEF
2020-04-29 23:33:40,904 [Thread-3] - [DEBUG] - BEF
2020-04-29 23:33:40,933 [Thread-3] - [DEBUG] - BEF
2020-04-29 23:33:40,962 [Thread-3] - [DEBUG] - BEF
2020-04-29 23:33:40,984 [Thread-3] - [DEBUG] - SET
2020-04-29 23:33:40,993 [Thread-3] - [DEBUG] - BEF
2020-04-29 23:33:41,022 [Thread-3] - [DEBUG] - BEF
2020-04-29 23:33:41,051 [Thread-3] - [DEBUG] - BEF
2020-04-29 23:33:41,079 [Thread-3] - [DEBUG] - BEF
2020-04-29 23:33:41,109 [Thread-3] - [DEBUG] - BEF
2020-04-29 23:33:41,138 [Thread-3] - [DEBUG] - BEF
2020-04-29 23:33:41,167 [Thread-3] - [DEBUG] - BEF
2020-04-29 23:33:41,190 [Thread-3] - [DEBUG] - SET
2020-04-29 23:33:41,198 [Thread-3] - [DEBUG] - BEF
2020-04-29 23:33:41,228 [Thread-3] - [DEBUG] - BEF
2020-04-29 23:33:41,259 [Thread-3] - [DEBUG] - BEF
2020-04-29 23:33:41,288 [Thread-3] - [DEBUG] - BEF
2020-04-29 23:33:41,317 [Thread-3] - [DEBUG] - BEF
2020-04-29 23:33:41,345 [Thread-3] - [DEBUG] - BEF
2020-04-29 23:33:41,374 [Thread-3] - [DEBUG] - BEF
2020-04-29 23:33:41,396 [Thread-3] - [DEBUG] - SET
2020-04-29 23:33:41,404 [Thread-3] - [DEBUG] - BEF
2020-04-29 23:33:41,433 [Thread-3] - [DEBUG] - BEF
2020-04-29 23:33:41,461 [Thread-3] - [DEBUG] - BEF
2020-04-29 23:33:41,491 [Thread-3] - [DEBUG] - BEF
2020-04-29 23:33:41,521 [Thread-3] - [DEBUG] - BEF
2020-04-29 23:33:41,550 [Thread-3] - [DEBUG] - BEF
2020-04-29 23:33:41,580 [Thread-3] - [DEBUG] - BEF
2020-04-29 23:33:41,601 [Thread-3] - [DEBUG] - SET
2020-04-29 23:33:41,610 [Thread-3] - [DEBUG] - BEF
2020-04-29 23:33:41,639 [Thread-3] - [DEBUG] - BEF
2020-04-29 23:33:41,668 [Thread-3] - [DEBUG] - BEF
2020-04-29 23:33:41,698 [Thread-3] - [DEBUG] - BEF
2020-04-29 23:33:41,733 [Thread-3] - [DEBUG] - BEF
2020-04-29 23:33:41,766 [Thread-3] - [DEBUG] - BEF
2020-04-29 23:33:41,798 [Thread-3] - [DEBUG] - BEF
2020-04-29 23:33:41,820 [Thread-3] - [DEBUG] - SET
2020-04-29 23:33:41,833 [Thread-3] - [DEBUG] - BEF
2020-04-29 23:33:41,863 [Thread-3] - [DEBUG] - BEF
2020-04-29 23:33:41,893 [Thread-3] - [DEBUG] - BEF
2020-04-29 23:33:41,922 [Thread-3] - [DEBUG] - BEF
2020-04-29 23:33:41,952 [Thread-3] - [DEBUG] - BEF
2020-04-29 23:33:41,981 [Thread-3] - [DEBUG] - BEF
2020-04-29 23:33:42,010 [Thread-3] - [DEBUG] - BEF
2020-04-29 23:33:42,032 [Thread-3] - [DEBUG] - SET
2020-04-29 23:33:42,041 [Thread-3] - [DEBUG] - BEF
2020-04-29 23:33:42,073 [Thread-3] - [DEBUG] - BEF
2020-04-29 23:33:42,106 [Thread-3] - [DEBUG] - BEF
2020-04-29 23:33:42,141 [Thread-3] - [DEBUG] - BEF
2020-04-29 23:33:42,170 [Thread-3] - [DEBUG] - BEF
2020-04-29 23:33:42,200 [Thread-3] - [DEBUG] - BEF
2020-04-29 23:33:42,228 [Thread-3] - [DEBUG] - BEF
2020-04-29 23:33:42,250 [Thread-3] - [DEBUG] - SET
2020-04-29 23:33:42,259 [Thread-3] - [DEBUG] - BEF
2020-04-29 23:33:42,287 [Thread-3] - [DEBUG] - BEF
2020-04-29 23:33:42,316 [Thread-3] - [DEBUG] - BEF
2020-04-29 23:33:42,345 [Thread-3] - [DEBUG] - BEF
2020-04-29 23:33:42,375 [Thread-3] - [DEBUG] - BEF
2020-04-29 23:33:42,404 [Thread-3] - [DEBUG] - BEF
2020-04-29 23:33:42,434 [Thread-3] - [DEBUG] - BEF
2020-04-29 23:33:42,456 [Thread-3] - [DEBUG] - SET
2020-04-29 23:33:42,466 [Thread-3] - [DEBUG] - BEF
2020-04-29 23:33:42,496 [Thread-3] - [DEBUG] - BEF
2020-04-29 23:33:42,530 [Thread-3] - [DEBUG] - BEF
2020-04-29 23:33:42,563 [Thread-3] - [DEBUG] - BEF
2020-04-29 23:33:42,597 [Thread-3] - [DEBUG] - BEF
2020-04-29 23:33:42,632 [Thread-3] - [DEBUG] - BEF
2020-04-29 23:33:42,662 [Thread-3] - [DEBUG] - BEF
2020-04-29 23:33:42,684 [Thread-3] - [DEBUG] - SET
2020-04-29 23:33:42,694 [Thread-3] - [DEBUG] - BEF
2020-04-29 23:33:42,724 [Thread-3] - [DEBUG] - BEF
2020-04-29 23:33:42,757 [Thread-3] - [DEBUG] - BEF
2020-04-29 23:33:42,791 [Thread-3] - [DEBUG] - BEF
2020-04-29 23:33:42,825 [Thread-3] - [DEBUG] - BEF
2020-04-29 23:33:42,859 [Thread-3] - [DEBUG] - BEF
2020-04-29 23:33:42,893 [Thread-3] - [DEBUG] - BEF
2020-04-29 23:33:42,915 [Thread-3] - [DEBUG] - SET
2020-04-29 23:33:42,927 [Thread-3] - [DEBUG] - BEF
2020-04-29 23:33:42,959 [Thread-3] - [DEBUG] - BEF
2020-04-29 23:33:42,989 [Thread-3] - [DEBUG] - BEF
2020-04-29 23:33:43,026 [Thread-3] - [DEBUG] - BEF
2020-04-29 23:33:43,059 [Thread-3] - [DEBUG] - BEF
2020-04-29 23:33:43,088 [Thread-3] - [DEBUG] - BEF
2020-04-29 23:33:43,117 [Thread-3] - [DEBUG] - BEF
2020-04-29 23:33:43,139 [Thread-3] - [DEBUG] - SET
2020-04-29 23:33:43,147 [Thread-3] - [DEBUG] - BEF
2020-04-29 23:33:43,177 [Thread-3] - [DEBUG] - BEF
2020-04-29 23:33:43,205 [Thread-3] - [DEBUG] - BEF
2020-04-29 23:33:43,234 [Thread-3] - [DEBUG] - BEF
2020-04-29 23:33:43,264 [Thread-3] - [DEBUG] - BEF
2020-04-29 23:33:43,294 [Thread-3] - [DEBUG] - BEF
2020-04-29 23:33:43,297 [Thread-2] - [DEBUG] - On leds idle triggered
2020-04-29 23:33:43,299 [Thread-2] - [DEBUG] - no duration for : <bound method ProjectAlicePattern.idle of <ledPatterns.ProjectAlicePattern.ProjectAlicePattern object at 0x75e8e2b0>>
2020-04-29 23:33:43,301 [Thread-1] - [DEBUG] - before: <bound method ProjectAlicePattern.idle of <ledPatterns.ProjectAlicePattern.ProjectAlicePattern object at 0x75e8e2b0>>
2020-04-29 23:33:43,311 [Thread-1] - [DEBUG] - after: <bound method ProjectAlicePattern.idle of <ledPatterns.ProjectAlicePattern.ProjectAlicePattern object at 0x75e8e2b0>>
2020-04-29 23:33:43,316 [Thread-3] - [DEBUG] - Bye
2020-04-29 23:33:43,417 [Thread-3] - [DEBUG] - B
2020-04-29 23:33:43,426 [Thread-3] - [DEBUG] - SET
2020-04-29 23:33:43,438 [Thread-3] - [DEBUG] - BEF
2020-04-29 23:33:43,471 [Thread-3] - [DEBUG] - BEF
2020-04-29 23:33:43,504 [Thread-3] - [DEBUG] - BEF
2020-04-29 23:33:43,537 [Thread-3] - [DEBUG] - BEF
2020-04-29 23:33:43,570 [Thread-3] - [DEBUG] - BEF
2020-04-29 23:33:43,603 [Thread-3] - [DEBUG] - BEF
2020-04-29 23:33:43,637 [Thread-3] - [DEBUG] - BEF
2020-04-29 23:33:43,659 [Thread-3] - [DEBUG] - SET
2020-04-29 23:33:43,672 [Thread-3] - [DEBUG] - BEF
2020-04-29 23:33:43,701 [Thread-3] - [DEBUG] - BEF
2020-04-29 23:33:43,730 [Thread-3] - [DEBUG] - BEF
2020-04-29 23:33:43,760 [Thread-3] - [DEBUG] - BEF
2020-04-29 23:33:43,789 [Thread-3] - [DEBUG] - BEF
2020-04-29 23:33:43,818 [Thread-3] - [DEBUG] - BEF
2020-04-29 23:33:43,847 [Thread-3] - [DEBUG] - BEF
2020-04-29 23:33:43,869 [Thread-3] - [DEBUG] - SET
2020-04-29 23:33:43,878 [Thread-3] - [DEBUG] - BEF
2020-04-29 23:33:43,907 [Thread-3] - [DEBUG] - BEF
2020-04-29 23:33:43,935 [Thread-3] - [DEBUG] - BEF
2020-04-29 23:33:43,964 [Thread-3] - [DEBUG] - BEF
2020-04-29 23:33:43,993 [Thread-3] - [DEBUG] - BEF
2020-04-29 23:33:44,024 [Thread-3] - [DEBUG] - BEF
2020-04-29 23:33:44,053 [Thread-3] - [DEBUG] - BEF
2020-04-29 23:33:44,074 [Thread-3] - [DEBUG] - SET
2020-04-29 23:33:44,083 [Thread-3] - [DEBUG] - BEF
2020-04-29 23:33:44,114 [Thread-3] - [DEBUG] - BEF
2020-04-29 23:33:44,142 [Thread-3] - [DEBUG] - BEF
2020-04-29 23:33:44,171 [Thread-3] - [DEBUG] - BEF
2020-04-29 23:33:44,200 [Thread-3] - [DEBUG] - BEF
2020-04-29 23:33:44,229 [Thread-3] - [DEBUG] - BEF
2020-04-29 23:33:44,257 [Thread-3] - [DEBUG] - BEF
2020-04-29 23:33:44,279 [Thread-3] - [DEBUG] - SET
2020-04-29 23:33:44,288 [Thread-3] - [DEBUG] - BEF
2020-04-29 23:33:44,316 [Thread-3] - [DEBUG] - BEF
2020-04-29 23:33:44,345 [Thread-3] - [DEBUG] - BEF
2020-04-29 23:33:44,375 [Thread-3] - [DEBUG] - BEF
2020-04-29 23:33:44,403 [Thread-3] - [DEBUG] - BEF
2020-04-29 23:33:44,434 [Thread-3] - [DEBUG] - BEF
2020-04-29 23:33:44,463 [Thread-3] - [DEBUG] - BEF
2020-04-29 23:33:44,485 [Thread-3] - [DEBUG] - SET
2020-04-29 23:33:44,494 [Thread-3] - [DEBUG] - BEF
2020-04-29 23:33:44,523 [Thread-3] - [DEBUG] - BEF
2020-04-29 23:33:44,552 [Thread-3] - [DEBUG] - BEF
2020-04-29 23:33:44,581 [Thread-3] - [DEBUG] - BEF
2020-04-29 23:33:44,610 [Thread-3] - [DEBUG] - BEF
2020-04-29 23:33:44,640 [Thread-3] - [DEBUG] - BEF
2020-04-29 23:33:44,670 [Thread-3] - [DEBUG] - BEF
2020-04-29 23:33:44,692 [Thread-3] - [DEBUG] - SET
2020-04-29 23:33:44,706 [Thread-3] - [DEBUG] - BEF
2020-04-29 23:33:44,742 [Thread-3] - [DEBUG] - BEF
2020-04-29 23:33:44,772 [Thread-3] - [DEBUG] - BEF
2020-04-29 23:33:44,801 [Thread-3] - [DEBUG] - BEF
2020-04-29 23:33:44,830 [Thread-3] - [DEBUG] - BEF
2020-04-29 23:33:44,860 [Thread-3] - [DEBUG] - BEF
2020-04-29 23:33:44,890 [Thread-3] - [DEBUG] - BEF
2020-04-29 23:33:44,912 [Thread-3] - [DEBUG] - SET
2020-04-29 23:33:44,925 [Thread-3] - [DEBUG] - BEF
2020-04-29 23:33:44,959 [Thread-3] - [DEBUG] - BEF
2020-04-29 23:33:44,993 [Thread-3] - [DEBUG] - BEF
2020-04-29 23:33:45,027 [Thread-3] - [DEBUG] - BEF
2020-04-29 23:33:45,059 [Thread-3] - [DEBUG] - BEF
2020-04-29 23:33:45,091 [Thread-3] - [DEBUG] - BEF
2020-04-29 23:33:45,124 [Thread-3] - [DEBUG] - BEF
2020-04-29 23:33:45,146 [Thread-3] - [DEBUG] - SET
2020-04-29 23:33:45,157 [Thread-3] - [DEBUG] - BEF
2020-04-29 23:33:45,189 [Thread-3] - [DEBUG] - BEF
2020-04-29 23:33:45,221 [Thread-3] - [DEBUG] - BEF
2020-04-29 23:33:45,254 [Thread-3] - [DEBUG] - BEF
2020-04-29 23:33:45,288 [Thread-3] - [DEBUG] - BEF
2020-04-29 23:33:45,323 [Thread-3] - [DEBUG] - BEF
2020-04-29 23:33:45,352 [Thread-3] - [DEBUG] - BEF
2020-04-29 23:33:45,375 [Thread-3] - [DEBUG] - SET
2020-04-29 23:33:45,383 [Thread-3] - [DEBUG] - BEF
2020-04-29 23:33:45,413 [Thread-3] - [DEBUG] - BEF
2020-04-29 23:33:45,442 [Thread-3] - [DEBUG] - BEF
2020-04-29 23:33:45,471 [Thread-3] - [DEBUG] - BEF
2020-04-29 23:33:45,500 [Thread-3] - [DEBUG] - BEF
2020-04-29 23:33:45,529 [Thread-3] - [DEBUG] - BEF
2020-04-29 23:33:45,566 [Thread-3] - [DEBUG] - BEF
2020-04-29 23:33:45,588 [Thread-3] - [DEBUG] - SET
2020-04-29 23:33:45,600 [Thread-3] - [DEBUG] - BEF
2020-04-29 23:33:45,629 [Thread-3] - [DEBUG] - BEF
2020-04-29 23:33:45,659 [Thread-3] - [DEBUG] - BEF
2020-04-29 23:33:45,688 [Thread-3] - [DEBUG] - BEF
2020-04-29 23:33:45,717 [Thread-3] - [DEBUG] - BEF
2020-04-29 23:33:45,746 [Thread-3] - [DEBUG] - BEF
2020-04-29 23:33:45,776 [Thread-3] - [DEBUG] - BEF
2020-04-29 23:33:45,798 [Thread-3] - [DEBUG] - SET
2020-04-29 23:33:45,807 [Thread-3] - [DEBUG] - BEF
2020-04-29 23:33:45,836 [Thread-3] - [DEBUG] - BEF
2020-04-29 23:33:45,865 [Thread-3] - [DEBUG] - BEF
2020-04-29 23:33:45,894 [Thread-3] - [DEBUG] - BEF
2020-04-29 23:33:45,922 [Thread-3] - [DEBUG] - BEF
2020-04-29 23:33:45,952 [Thread-3] - [DEBUG] - BEF
2020-04-29 23:33:45,981 [Thread-3] - [DEBUG] - BEF
2020-04-29 23:33:46,003 [Thread-3] - [DEBUG] - SET
2020-04-29 23:33:46,013 [Thread-3] - [DEBUG] - BEF
2020-04-29 23:33:46,041 [Thread-3] - [DEBUG] - BEF
2020-04-29 23:33:46,070 [Thread-3] - [DEBUG] - BEF
2020-04-29 23:33:46,099 [Thread-3] - [DEBUG] - BEF
2020-04-29 23:33:46,128 [Thread-3] - [DEBUG] - BEF
2020-04-29 23:33:46,157 [Thread-3] - [DEBUG] - BEF
2020-04-29 23:33:46,186 [Thread-3] - [DEBUG] - BEF
2020-04-29 23:33:46,207 [Thread-3] - [DEBUG] - SET
2020-04-29 23:33:46,217 [Thread-3] - [DEBUG] - BEF
2020-04-29 23:33:46,246 [Thread-3] - [DEBUG] - BEF
2020-04-29 23:33:46,276 [Thread-3] - [DEBUG] - BEF
2020-04-29 23:33:46,306 [Thread-3] - [DEBUG] - BEF
2020-04-29 23:33:46,335 [Thread-3] - [DEBUG] - BEF
2020-04-29 23:33:46,365 [Thread-3] - [DEBUG] - BEF
2020-04-29 23:33:46,400 [Thread-3] - [DEBUG] - BEF
2020-04-29 23:33:46,422 [Thread-3] - [DEBUG] - SET
2020-04-29 23:33:46,435 [Thread-3] - [DEBUG] - BEF
2020-04-29 23:33:46,464 [Thread-3] - [DEBUG] - BEF
2020-04-29 23:33:46,493 [Thread-3] - [DEBUG] - BEF
2020-04-29 23:33:46,522 [Thread-3] - [DEBUG] - BEF
2020-04-29 23:33:46,551 [Thread-3] - [DEBUG] - BEF
2020-04-29 23:33:46,582 [Thread-3] - [DEBUG] - BEF
2020-04-29 23:33:46,613 [Thread-3] - [DEBUG] - BEF
2020-04-29 23:33:46,637 [Thread-3] - [DEBUG] - SET
2020-04-29 23:33:46,649 [Thread-3] - [DEBUG] - BEF
2020-04-29 23:33:46,682 [Thread-3] - [DEBUG] - BEF
2020-04-29 23:33:46,715 [Thread-3] - [DEBUG] - BEF
2020-04-29 23:33:46,748 [Thread-3] - [DEBUG] - BEF
2020-04-29 23:33:46,781 [Thread-3] - [DEBUG] - BEF
2020-04-29 23:33:46,814 [Thread-3] - [DEBUG] - BEF
2020-04-29 23:33:46,847 [Thread-3] - [DEBUG] - BEF
2020-04-29 23:33:46,868 [Thread-3] - [DEBUG] - SET
2020-04-29 23:33:46,881 [Thread-3] - [DEBUG] - BEF
2020-04-29 23:33:46,910 [Thread-3] - [DEBUG] - BEF
2020-04-29 23:33:46,940 [Thread-3] - [DEBUG] - BEF
2020-04-29 23:33:46,970 [Thread-3] - [DEBUG] - BEF
2020-04-29 23:33:46,999 [Thread-3] - [DEBUG] - BEF
2020-04-29 23:33:47,011 [Thread-2] - [DEBUG] - On leds idle triggered
2020-04-29 23:33:47,013 [Thread-2] - [DEBUG] - no duration for : <bound method ProjectAlicePattern.idle of <ledPatterns.ProjectAlicePattern.ProjectAlicePattern object at 0x75e8e2b0>>
2020-04-29 23:33:47,015 [Thread-1] - [DEBUG] - before: <bound method ProjectAlicePattern.idle of <ledPatterns.ProjectAlicePattern.ProjectAlicePattern object at 0x75e8e2b0>>
2020-04-29 23:33:47,020 [Thread-3] - [DEBUG] - Bye
2020-04-29 23:33:47,028 [Thread-1] - [DEBUG] - after: <bound method ProjectAlicePattern.idle of <ledPatterns.ProjectAlicePattern.ProjectAlicePattern object at 0x75e8e2b0>>
2020-04-29 23:33:47,223 [Thread-3] - [DEBUG] - C
2020-04-29 23:33:47,234 [Thread-3] - [DEBUG] - SET
2020-04-29 23:33:47,246 [Thread-3] - [DEBUG] - BEF
2020-04-29 23:33:47,279 [Thread-3] - [DEBUG] - BEF
2020-04-29 23:33:47,312 [Thread-3] - [DEBUG] - BEF
2020-04-29 23:33:47,345 [Thread-3] - [DEBUG] - BEF
2020-04-29 23:33:47,378 [Thread-3] - [DEBUG] - BEF
2020-04-29 23:33:47,411 [Thread-3] - [DEBUG] - BEF
2020-04-29 23:33:47,449 [Thread-3] - [DEBUG] - BEF
2020-04-29 23:33:47,471 [Thread-3] - [DEBUG] - SET
2020-04-29 23:33:47,484 [Thread-3] - [DEBUG] - BEF
2020-04-29 23:33:47,517 [Thread-3] - [DEBUG] - BEF
2020-04-29 23:33:47,550 [Thread-3] - [DEBUG] - BEF
2020-04-29 23:33:47,583 [Thread-3] - [DEBUG] - BEF
2020-04-29 23:33:47,616 [Thread-3] - [DEBUG] - BEF
2020-04-29 23:33:47,649 [Thread-3] - [DEBUG] - BEF
2020-04-29 23:33:47,681 [Thread-3] - [DEBUG] - BEF
2020-04-29 23:33:47,703 [Thread-3] - [DEBUG] - SET
2020-04-29 23:33:47,717 [Thread-3] - [DEBUG] - BEF
2020-04-29 23:33:47,746 [Thread-3] - [DEBUG] - BEF
2020-04-29 23:33:47,775 [Thread-3] - [DEBUG] - BEF
2020-04-29 23:33:47,804 [Thread-3] - [DEBUG] - BEF
2020-04-29 23:33:47,836 [Thread-3] - [DEBUG] - BEF
2020-04-29 23:33:47,866 [Thread-3] - [DEBUG] - BEF
2020-04-29 23:33:47,895 [Thread-3] - [DEBUG] - BEF
2020-04-29 23:33:47,916 [Thread-3] - [DEBUG] - SET
2020-04-29 23:33:47,931 [Thread-3] - [DEBUG] - BEF
2020-04-29 23:33:47,963 [Thread-3] - [DEBUG] - BEF
2020-04-29 23:33:47,996 [Thread-3] - [DEBUG] - BEF
2020-04-29 23:33:48,029 [Thread-3] - [DEBUG] - BEF
2020-04-29 23:33:48,061 [Thread-3] - [DEBUG] - BEF
2020-04-29 23:33:48,097 [Thread-3] - [DEBUG] - BEF
2020-04-29 23:33:48,126 [Thread-3] - [DEBUG] - BEF
2020-04-29 23:33:48,147 [Thread-3] - [DEBUG] - SET
2020-04-29 23:33:48,156 [Thread-3] - [DEBUG] - BEF
2020-04-29 23:33:48,185 [Thread-3] - [DEBUG] - BEF
2020-04-29 23:33:48,216 [Thread-3] - [DEBUG] - BEF
2020-04-29 23:33:48,245 [Thread-3] - [DEBUG] - BEF
2020-04-29 23:33:48,275 [Thread-3] - [DEBUG] - BEF
2020-04-29 23:33:48,305 [Thread-3] - [DEBUG] - BEF
2020-04-29 23:33:48,340 [Thread-3] - [DEBUG] - BEF
2020-04-29 23:33:48,362 [Thread-3] - [DEBUG] - SET
2020-04-29 23:33:48,375 [Thread-3] - [DEBUG] - BEF
2020-04-29 23:33:48,406 [Thread-3] - [DEBUG] - BEF
2020-04-29 23:33:48,436 [Thread-3] - [DEBUG] - BEF
2020-04-29 23:33:48,466 [Thread-3] - [DEBUG] - BEF
2020-04-29 23:33:48,500 [Thread-3] - [DEBUG] - BEF
2020-04-29 23:33:48,536 [Thread-3] - [DEBUG] - BEF
2020-04-29 23:33:48,565 [Thread-3] - [DEBUG] - BEF
2020-04-29 23:33:48,586 [Thread-3] - [DEBUG] - SET
2020-04-29 23:33:48,593 [Thread-3] - [DEBUG] - BEF
2020-04-29 23:33:48,623 [Thread-3] - [DEBUG] - BEF
2020-04-29 23:33:48,652 [Thread-3] - [DEBUG] - BEF
2020-04-29 23:33:48,681 [Thread-3] - [DEBUG] - BEF
2020-04-29 23:33:48,711 [Thread-3] - [DEBUG] - BEF
2020-04-29 23:33:48,740 [Thread-3] - [DEBUG] - BEF
2020-04-29 23:33:48,769 [Thread-3] - [DEBUG] - BEF
2020-04-29 23:33:48,790 [Thread-3] - [DEBUG] - SET
2020-04-29 23:33:48,799 [Thread-3] - [DEBUG] - BEF
2020-04-29 23:33:48,828 [Thread-3] - [DEBUG] - BEF
2020-04-29 23:33:48,857 [Thread-3] - [DEBUG] - BEF
2020-04-29 23:33:48,886 [Thread-3] - [DEBUG] - BEF
2020-04-29 23:33:48,916 [Thread-3] - [DEBUG] - BEF
2020-04-29 23:33:48,946 [Thread-3] - [DEBUG] - BEF
2020-04-29 23:33:48,975 [Thread-3] - [DEBUG] - BEF
2020-04-29 23:33:48,996 [Thread-3] - [DEBUG] - SET
2020-04-29 23:33:49,008 [Thread-3] - [DEBUG] - BEF
2020-04-29 23:33:49,043 [Thread-3] - [DEBUG] - BEF
2020-04-29 23:33:49,078 [Thread-3] - [DEBUG] - BEF
2020-04-29 23:33:49,108 [Thread-3] - [DEBUG] - BEF
2020-04-29 23:33:49,137 [Thread-3] - [DEBUG] - BEF
2020-04-29 23:33:49,166 [Thread-3] - [DEBUG] - BEF
2020-04-29 23:33:49,194 [Thread-3] - [DEBUG] - BEF
2020-04-29 23:33:49,216 [Thread-3] - [DEBUG] - SET
2020-04-29 23:33:49,224 [Thread-3] - [DEBUG] - BEF
2020-04-29 23:33:49,253 [Thread-3] - [DEBUG] - BEF
2020-04-29 23:33:49,282 [Thread-3] - [DEBUG] - BEF
2020-04-29 23:33:49,312 [Thread-3] - [DEBUG] - BEF
2020-04-29 23:33:49,341 [Thread-3] - [DEBUG] - BEF
2020-04-29 23:33:49,370 [Thread-3] - [DEBUG] - BEF
2020-04-29 23:33:49,399 [Thread-3] - [DEBUG] - BEF
2020-04-29 23:33:49,421 [Thread-3] - [DEBUG] - SET
2020-04-29 23:33:49,429 [Thread-3] - [DEBUG] - BEF
2020-04-29 23:33:49,458 [Thread-3] - [DEBUG] - BEF
2020-04-29 23:33:49,487 [Thread-3] - [DEBUG] - BEF
2020-04-29 23:33:49,516 [Thread-3] - [DEBUG] - BEF
2020-04-29 23:33:49,546 [Thread-3] - [DEBUG] - BEF
2020-04-29 23:33:49,575 [Thread-3] - [DEBUG] - BEF
2020-04-29 23:33:49,604 [Thread-3] - [DEBUG] - BEF
2020-04-29 23:33:49,626 [Thread-3] - [DEBUG] - SET
2020-04-29 23:33:49,635 [Thread-3] - [DEBUG] - BEF
2020-04-29 23:33:49,664 [Thread-3] - [DEBUG] - BEF
2020-04-29 23:33:49,693 [Thread-3] - [DEBUG] - BEF
2020-04-29 23:33:49,721 [Thread-3] - [DEBUG] - BEF
2020-04-29 23:33:49,760 [Thread-3] - [DEBUG] - BEF
2020-04-29 23:33:49,793 [Thread-3] - [DEBUG] - BEF
2020-04-29 23:33:49,825 [Thread-3] - [DEBUG] - BEF
2020-04-29 23:33:49,847 [Thread-3] - [DEBUG] - SET
2020-04-29 23:33:49,861 [Thread-3] - [DEBUG] - BEF
2020-04-29 23:33:49,890 [Thread-3] - [DEBUG] - BEF
2020-04-29 23:33:49,919 [Thread-3] - [DEBUG] - BEF
2020-04-29 23:33:49,948 [Thread-3] - [DEBUG] - BEF
2020-04-29 23:33:49,977 [Thread-3] - [DEBUG] - BEF
2020-04-29 23:33:50,006 [Thread-3] - [DEBUG] - BEF
2020-04-29 23:33:50,036 [Thread-3] - [DEBUG] - BEF
2020-04-29 23:33:50,058 [Thread-3] - [DEBUG] - SET
2020-04-29 23:33:50,067 [Thread-3] - [DEBUG] - BEF
2020-04-29 23:33:50,096 [Thread-3] - [DEBUG] - BEF
2020-04-29 23:33:50,126 [Thread-3] - [DEBUG] - BEF
2020-04-29 23:33:50,155 [Thread-3] - [DEBUG] - BEF
2020-04-29 23:33:50,192 [Thread-3] - [DEBUG] - BEF
2020-04-29 23:33:50,227 [Thread-3] - [DEBUG] - BEF
2020-04-29 23:33:50,257 [Thread-3] - [DEBUG] - BEF
2020-04-29 23:33:50,280 [Thread-3] - [DEBUG] - SET
2020-04-29 23:33:50,294 [Thread-3] - [DEBUG] - BEF
2020-04-29 23:33:50,327 [Thread-3] - [DEBUG] - BEF
2020-04-29 23:33:50,363 [Thread-3] - [DEBUG] - BEF
2020-04-29 23:33:50,393 [Thread-3] - [DEBUG] - BEF
2020-04-29 23:33:50,423 [Thread-3] - [DEBUG] - BEF
2020-04-29 23:33:50,453 [Thread-3] - [DEBUG] - BEF
2020-04-29 23:33:50,483 [Thread-3] - [DEBUG] - BEF
2020-04-29 23:33:50,505 [Thread-3] - [DEBUG] - SET
2020-04-29 23:33:50,519 [Thread-3] - [DEBUG] - BEF
2020-04-29 23:33:50,554 [Thread-3] - [DEBUG] - BEF
2020-04-29 23:33:50,584 [Thread-3] - [DEBUG] - BEF
2020-04-29 23:33:50,613 [Thread-3] - [DEBUG] - BEF
2020-04-29 23:33:50,643 [Thread-3] - [DEBUG] - BEF
2020-04-29 23:33:50,673 [Thread-3] - [DEBUG] - BEF
2020-04-29 23:33:50,702 [Thread-3] - [DEBUG] - BEF
2020-04-29 23:33:50,706 [Thread-2] - [DEBUG] - On leds idle triggered
2020-04-29 23:33:50,708 [Thread-2] - [DEBUG] - no duration for : <bound method ProjectAlicePattern.idle of <ledPatterns.ProjectAlicePattern.ProjectAlicePattern object at 0x75e8e2b0>>
2020-04-29 23:33:50,711 [Thread-1] - [DEBUG] - before: <bound method ProjectAlicePattern.idle of <ledPatterns.ProjectAlicePattern.ProjectAlicePattern object at 0x75e8e2b0>>
2020-04-29 23:33:50,724 [Thread-1] - [DEBUG] - after: <bound method ProjectAlicePattern.idle of <ledPatterns.ProjectAlicePattern.ProjectAlicePattern object at 0x75e8e2b0>>
2020-04-29 23:33:50,727 [Thread-3] - [DEBUG] - Bye
2020-04-29 23:33:53,844 [MainThread] - [INFO] - Shutting down Hermes Led Control
2020-04-29 23:34:47,162 [MainThread] - [INFO] - Starting Hermes Led Control v. 2.0.6
2020-04-29 23:34:47,173 [MainThread] - [INFO] - Initializing HermesLedControl
2020-04-29 23:34:47,202 [MainThread] - [INFO] - Initializing ProjectAlice settings
2020-04-29 23:34:47,202 [MainThread] - [INFO] - Loading configurations
2020-04-29 23:34:47,208 [MainThread] - [INFO] - Loaded 12 hardware references
2020-04-29 23:34:47,209 [MainThread] - [INFO] - - Mqtt server set to localhost
2020-04-29 23:34:47,209 [MainThread] - [INFO] - - Mqtt port set to 1885
2020-04-29 23:34:47,210 [MainThread] - [INFO] - - Mqtt username set to jrkassistant
2020-04-29 23:34:47,210 [MainThread] - [INFO] - - Mqtt password set to "hidden"
2020-04-29 23:34:47,210 [MainThread] - [INFO] - - Client id set to salon
2020-04-29 23:34:47,211 [MainThread] - [INFO] - - Hardware set to ReSpeaker Mic array v2
2020-04-29 23:34:47,211 [MainThread] - [INFO] - - Using projectalice as pattern with 12 leds
2020-04-29 23:34:47,212 [MainThread] - [INFO] - Initializing leds controller
2020-04-29 23:34:47,423 [MainThread] - [INFO] - Hermes Led Control started
2020-04-29 23:34:47,924 [Thread-3] - [DEBUG] - A
2020-04-29 23:34:48,237 [Thread-3] - [DEBUG] - B
2020-04-29 23:34:48,663 [Thread-3] - [DEBUG] - C
2020-04-29 23:34:57,457 [MainThread] - [INFO] - Shutting down Hermes Led Control
2020-04-29 23:35:01,769 [MainThread] - [INFO] - Starting Hermes Led Control v. 2.0.6
2020-04-29 23:35:01,796 [MainThread] - [INFO] - Initializing HermesLedControl
2020-04-29 23:35:01,865 [MainThread] - [INFO] - Initializing ProjectAlice settings
2020-04-29 23:35:01,866 [MainThread] - [INFO] - Loading configurations
2020-04-29 23:35:01,879 [MainThread] - [INFO] - Loaded 12 hardware references
2020-04-29 23:35:01,881 [MainThread] - [INFO] - - Mqtt server set to localhost
2020-04-29 23:35:01,882 [MainThread] - [INFO] - - Mqtt port set to 1885
2020-04-29 23:35:01,883 [MainThread] - [INFO] - - Mqtt username set to jrkassistant
2020-04-29 23:35:01,885 [MainThread] - [INFO] - - Mqtt password set to "hidden"
2020-04-29 23:35:01,886 [MainThread] - [INFO] - - Client id set to salon
2020-04-29 23:35:01,887 [MainThread] - [INFO] - - Hardware set to ReSpeaker Mic array v2
2020-04-29 23:35:01,889 [MainThread] - [INFO] - - Using projectalice as pattern with 12 leds
2020-04-29 23:35:01,891 [MainThread] - [INFO] - Initializing leds controller
2020-04-29 23:35:02,159 [MainThread] - [INFO] - Hermes Led Control started
2020-04-29 23:35:02,660 [Thread-3] - [DEBUG] - A
2020-04-29 23:35:03,874 [Thread-3] - [DEBUG] - B
2020-04-29 23:35:06,090 [Thread-3] - [DEBUG] - C
2020-04-29 23:35:18,390 [MainThread] - [INFO] - Shutting down Hermes Led Control
2020-04-29 23:35:23,136 [MainThread] - [INFO] - Starting Hermes Led Control v. 2.0.6
2020-04-29 23:35:23,169 [MainThread] - [INFO] - Initializing HermesLedControl
2020-04-29 23:35:23,252 [MainThread] - [INFO] - Initializing ProjectAlice settings
2020-04-29 23:35:23,253 [MainThread] - [INFO] - Loading configurations
2020-04-29 23:35:23,269 [MainThread] - [INFO] - Loaded 12 hardware references
2020-04-29 23:35:23,271 [MainThread] - [INFO] - - Mqtt server set to localhost
2020-04-29 23:35:23,273 [MainThread] - [INFO] - - Mqtt port set to 1885
2020-04-29 23:35:23,275 [MainThread] - [INFO] - - Mqtt username set to jrkassistant
2020-04-29 23:35:23,276 [MainThread] - [INFO] - - Mqtt password set to "hidden"
2020-04-29 23:35:23,278 [MainThread] - [INFO] - - Client id set to salon
2020-04-29 23:35:23,280 [MainThread] - [INFO] - - Hardware set to ReSpeaker Mic array v2
2020-04-29 23:35:23,282 [MainThread] - [INFO] - - Using projectalice as pattern with 12 leds
2020-04-29 23:35:23,284 [MainThread] - [INFO] - Initializing leds controller
2020-04-29 23:35:23,864 [MainThread] - [INFO] - Hermes Led Control started
2020-04-29 23:35:24,364 [Thread-3] - [DEBUG] - A
2020-04-29 23:35:25,578 [Thread-3] - [DEBUG] - B
2020-04-29 23:35:27,796 [Thread-3] - [DEBUG] - C
2020-04-29 23:36:05,750 [MainThread] - [INFO] - Shutting down Hermes Led Control
2020-04-29 23:36:09,560 [MainThread] - [INFO] - Starting Hermes Led Control v. 2.0.6
2020-04-29 23:36:09,572 [MainThread] - [INFO] - Initializing HermesLedControl
2020-04-29 23:36:09,601 [MainThread] - [INFO] - Initializing ProjectAlice settings
2020-04-29 23:36:09,602 [MainThread] - [INFO] - Loading configurations
2020-04-29 23:36:09,607 [MainThread] - [INFO] - Loaded 12 hardware references
2020-04-29 23:36:09,608 [MainThread] - [INFO] - - Mqtt server set to localhost
2020-04-29 23:36:09,609 [MainThread] - [INFO] - - Mqtt port set to 1885
2020-04-29 23:36:09,610 [MainThread] - [INFO] - - Mqtt username set to jrkassistant
2020-04-29 23:36:09,611 [MainThread] - [INFO] - - Mqtt password set to "hidden"
2020-04-29 23:36:09,611 [MainThread] - [INFO] - - Client id set to salon
2020-04-29 23:36:09,612 [MainThread] - [INFO] - - Hardware set to ReSpeaker Mic array v2
2020-04-29 23:36:09,612 [MainThread] - [INFO] - - Using projectalice as pattern with 12 leds
2020-04-29 23:36:09,613 [MainThread] - [INFO] - Initializing leds controller
2020-04-29 23:36:09,822 [MainThread] - [INFO] - Hermes Led Control started
2020-04-29 23:36:10,323 [Thread-3] - [DEBUG] - A
2020-04-29 23:36:10,336 [Thread-3] - [DEBUG] - range(0, 7)
2020-04-29 23:36:11,553 [Thread-3] - [DEBUG] - B
2020-04-29 23:36:11,563 [Thread-3] - [DEBUG] - <range_iterator object at 0x75d1ec68>
2020-04-29 23:36:13,778 [Thread-3] - [DEBUG] - C
2020-04-29 23:36:13,786 [Thread-3] - [DEBUG] - range(0, 7)
2020-04-29 23:37:30,369 [MainThread] - [INFO] - Shutting down Hermes Led Control
2020-04-29 23:37:34,131 [MainThread] - [INFO] - Starting Hermes Led Control v. 2.0.6
2020-04-29 23:37:34,157 [MainThread] - [INFO] - Initializing HermesLedControl
2020-04-29 23:37:34,224 [MainThread] - [INFO] - Initializing ProjectAlice settings
2020-04-29 23:37:34,225 [MainThread] - [INFO] - Loading configurations
2020-04-29 23:37:34,237 [MainThread] - [INFO] - Loaded 12 hardware references
2020-04-29 23:37:34,239 [MainThread] - [INFO] - - Mqtt server set to localhost
2020-04-29 23:37:34,240 [MainThread] - [INFO] - - Mqtt port set to 1885
2020-04-29 23:37:34,241 [MainThread] - [INFO] - - Mqtt username set to jrkassistant
2020-04-29 23:37:34,242 [MainThread] - [INFO] - - Mqtt password set to "hidden"
2020-04-29 23:37:34,244 [MainThread] - [INFO] - - Client id set to salon
2020-04-29 23:37:34,245 [MainThread] - [INFO] - - Hardware set to ReSpeaker Mic array v2
2020-04-29 23:37:34,247 [MainThread] - [INFO] - - Using projectalice as pattern with 12 leds
2020-04-29 23:37:34,248 [MainThread] - [INFO] - Initializing leds controller
2020-04-29 23:37:34,740 [MainThread] - [INFO] - Hermes Led Control started
2020-04-29 23:37:35,240 [Thread-3] - [DEBUG] - A
2020-04-29 23:37:35,251 [Thread-3] - [DEBUG] - 0
2020-04-29 23:37:35,284 [Thread-3] - [DEBUG] - 1
2020-04-29 23:37:35,317 [Thread-3] - [DEBUG] - 2
2020-04-29 23:37:35,350 [Thread-3] - [DEBUG] - 3
2020-04-29 23:37:35,382 [Thread-3] - [DEBUG] - 4
2020-04-29 23:37:35,416 [Thread-3] - [DEBUG] - 5
2020-04-29 23:37:35,448 [Thread-3] - [DEBUG] - 6
2020-04-29 23:37:36,482 [Thread-3] - [DEBUG] - B
2020-04-29 23:37:36,491 [Thread-3] - [DEBUG] - 6
2020-04-29 23:37:36,524 [Thread-3] - [DEBUG] - 5
2020-04-29 23:37:36,556 [Thread-3] - [DEBUG] - 4
2020-04-29 23:37:36,589 [Thread-3] - [DEBUG] - 3
2020-04-29 23:37:36,622 [Thread-3] - [DEBUG] - 2
2020-04-29 23:37:36,655 [Thread-3] - [DEBUG] - 1
2020-04-29 23:37:36,688 [Thread-3] - [DEBUG] - 0
2020-04-29 23:37:38,723 [Thread-3] - [DEBUG] - C
2020-04-29 23:37:38,735 [Thread-3] - [DEBUG] - 0
2020-04-29 23:37:38,764 [Thread-3] - [DEBUG] - 1
2020-04-29 23:37:38,793 [Thread-3] - [DEBUG] - 2
2020-04-29 23:37:38,822 [Thread-3] - [DEBUG] - 3
2020-04-29 23:37:38,851 [Thread-3] - [DEBUG] - 4
2020-04-29 23:37:38,880 [Thread-3] - [DEBUG] - 5
2020-04-29 23:37:38,910 [Thread-3] - [DEBUG] - 6
2020-04-29 23:37:41,054 [MainThread] - [INFO] - Shutting down Hermes Led Control
2020-04-29 23:37:45,209 [MainThread] - [INFO] - Starting Hermes Led Control v. 2.0.6
2020-04-29 23:37:45,235 [MainThread] - [INFO] - Initializing HermesLedControl
2020-04-29 23:37:45,300 [MainThread] - [INFO] - Initializing ProjectAlice settings
2020-04-29 23:37:45,301 [MainThread] - [INFO] - Loading configurations
2020-04-29 23:37:45,315 [MainThread] - [INFO] - Loaded 12 hardware references
2020-04-29 23:37:45,318 [MainThread] - [INFO] - - Mqtt server set to localhost
2020-04-29 23:37:45,320 [MainThread] - [INFO] - - Mqtt port set to 1885
2020-04-29 23:37:45,321 [MainThread] - [INFO] - - Mqtt username set to jrkassistant
2020-04-29 23:37:45,323 [MainThread] - [INFO] - - Mqtt password set to "hidden"
2020-04-29 23:37:45,324 [MainThread] - [INFO] - - Client id set to salon
2020-04-29 23:37:45,326 [MainThread] - [INFO] - - Hardware set to ReSpeaker Mic array v2
2020-04-29 23:37:45,328 [MainThread] - [INFO] - - Using projectalice as pattern with 12 leds
2020-04-29 23:37:45,330 [MainThread] - [INFO] - Initializing leds controller
2020-04-29 23:37:45,875 [MainThread] - [INFO] - Hermes Led Control started
2020-04-29 23:37:46,375 [Thread-3] - [DEBUG] - A
2020-04-29 23:37:46,387 [Thread-3] - [DEBUG] - 0
2020-04-29 23:37:46,415 [Thread-3] - [DEBUG] - 1
2020-04-29 23:37:46,442 [Thread-3] - [DEBUG] - 2
2020-04-29 23:37:46,471 [Thread-3] - [DEBUG] - 3
2020-04-29 23:37:46,501 [Thread-3] - [DEBUG] - 4
2020-04-29 23:37:46,531 [Thread-3] - [DEBUG] - 5
2020-04-29 23:37:46,560 [Thread-3] - [DEBUG] - 6
2020-04-29 23:37:47,591 [Thread-3] - [DEBUG] - B
2020-04-29 23:37:47,604 [Thread-3] - [DEBUG] - 6
2020-04-29 23:37:47,634 [Thread-3] - [DEBUG] - 5
2020-04-29 23:37:47,669 [Thread-3] - [DEBUG] - 4
2020-04-29 23:37:47,704 [Thread-3] - [DEBUG] - 3
2020-04-29 23:37:47,734 [Thread-3] - [DEBUG] - 2
2020-04-29 23:37:47,764 [Thread-3] - [DEBUG] - 1
2020-04-29 23:37:47,794 [Thread-3] - [DEBUG] - 0
2020-04-29 23:37:49,826 [Thread-3] - [DEBUG] - C
2020-04-29 23:37:49,835 [Thread-3] - [DEBUG] - 0
2020-04-29 23:37:49,866 [Thread-3] - [DEBUG] - 1
2020-04-29 23:37:49,898 [Thread-3] - [DEBUG] - 2
2020-04-29 23:37:49,929 [Thread-3] - [DEBUG] - 3
2020-04-29 23:37:49,961 [Thread-3] - [DEBUG] - 4
2020-04-29 23:37:49,993 [Thread-3] - [DEBUG] - 5
2020-04-29 23:37:50,025 [Thread-3] - [DEBUG] - 6
2020-04-29 23:38:20,654 [MainThread] - [INFO] - Shutting down Hermes Led Control
2020-04-29 23:38:24,023 [MainThread] - [INFO] - Starting Hermes Led Control v. 2.0.6
2020-04-29 23:38:24,036 [MainThread] - [INFO] - Initializing HermesLedControl
2020-04-29 23:38:24,066 [MainThread] - [INFO] - Initializing ProjectAlice settings
2020-04-29 23:38:24,067 [MainThread] - [INFO] - Loading configurations
2020-04-29 23:38:24,072 [MainThread] - [INFO] - Loaded 12 hardware references
2020-04-29 23:38:24,073 [MainThread] - [INFO] - - Mqtt server set to localhost
2020-04-29 23:38:24,074 [MainThread] - [INFO] - - Mqtt port set to 1885
2020-04-29 23:38:24,074 [MainThread] - [INFO] - - Mqtt username set to jrkassistant
2020-04-29 23:38:24,075 [MainThread] - [INFO] - - Mqtt password set to "hidden"
2020-04-29 23:38:24,075 [MainThread] - [INFO] - - Client id set to salon
2020-04-29 23:38:24,076 [MainThread] - [INFO] - - Hardware set to ReSpeaker Mic array v2
2020-04-29 23:38:24,077 [MainThread] - [INFO] - - Using projectalice as pattern with 12 leds
2020-04-29 23:38:24,077 [MainThread] - [INFO] - Initializing leds controller
2020-04-29 23:38:24,290 [MainThread] - [INFO] - Hermes Led Control started
2020-04-29 23:38:24,791 [Thread-3] - [DEBUG] - A
2020-04-29 23:38:24,800 [Thread-3] - [DEBUG] - a
2020-04-29 23:38:24,801 [Thread-3] - [DEBUG] - [255, 255, 255, 15]
2020-04-29 23:38:24,833 [Thread-3] - [DEBUG] - b
2020-04-29 23:38:24,835 [Thread-3] - [DEBUG] - [255, 255, 255, 15]
2020-04-29 23:38:24,867 [Thread-3] - [DEBUG] - b
2020-04-29 23:38:24,868 [Thread-3] - [DEBUG] - [255, 255, 255, 15]
2020-04-29 23:38:24,900 [Thread-3] - [DEBUG] - b
2020-04-29 23:38:24,902 [Thread-3] - [DEBUG] - [255, 255, 255, 15]
2020-04-29 23:38:24,934 [Thread-3] - [DEBUG] - b
2020-04-29 23:38:24,936 [Thread-3] - [DEBUG] - [255, 255, 255, 15]
2020-04-29 23:38:24,969 [Thread-3] - [DEBUG] - b
2020-04-29 23:38:24,971 [Thread-3] - [DEBUG] - [255, 255, 255, 15]
2020-04-29 23:38:24,999 [Thread-3] - [DEBUG] - a
2020-04-29 23:38:25,001 [Thread-3] - [DEBUG] - [255, 255, 255, 15]
2020-04-29 23:38:26,032 [Thread-3] - [DEBUG] - B
2020-04-29 23:38:26,045 [Thread-3] - [DEBUG] - a
2020-04-29 23:38:26,046 [Thread-3] - [DEBUG] - [0, 0, 255, 25]
2020-04-29 23:38:26,080 [Thread-3] - [DEBUG] - b
2020-04-29 23:38:26,085 [Thread-3] - [DEBUG] - [0, 0, 255, 25]
2020-04-29 23:38:26,114 [Thread-3] - [DEBUG] - b
2020-04-29 23:38:26,116 [Thread-3] - [DEBUG] - [0, 0, 255, 25]
2020-04-29 23:38:26,144 [Thread-3] - [DEBUG] - b
2020-04-29 23:38:26,145 [Thread-3] - [DEBUG] - [0, 0, 255, 25]
2020-04-29 23:38:26,173 [Thread-3] - [DEBUG] - b
2020-04-29 23:38:26,175 [Thread-3] - [DEBUG] - [0, 0, 255, 25]
2020-04-29 23:38:26,203 [Thread-3] - [DEBUG] - b
2020-04-29 23:38:26,204 [Thread-3] - [DEBUG] - [0, 0, 255, 25]
2020-04-29 23:38:26,232 [Thread-3] - [DEBUG] - a
2020-04-29 23:38:26,233 [Thread-3] - [DEBUG] - [0, 0, 255, 25]
2020-04-29 23:38:28,262 [Thread-3] - [DEBUG] - C
2020-04-29 23:38:28,274 [Thread-3] - [DEBUG] - a
2020-04-29 23:38:28,275 [Thread-3] - [DEBUG] - [0, 0, 0, 0]
2020-04-29 23:38:28,303 [Thread-3] - [DEBUG] - b
2020-04-29 23:38:28,305 [Thread-3] - [DEBUG] - [0, 0, 0, 0]
2020-04-29 23:38:28,333 [Thread-3] - [DEBUG] - b
2020-04-29 23:38:28,334 [Thread-3] - [DEBUG] - [0, 0, 0, 0]
2020-04-29 23:38:28,362 [Thread-3] - [DEBUG] - b
2020-04-29 23:38:28,363 [Thread-3] - [DEBUG] - [0, 0, 0, 0]
2020-04-29 23:38:28,391 [Thread-3] - [DEBUG] - b
2020-04-29 23:38:28,392 [Thread-3] - [DEBUG] - [0, 0, 0, 0]
2020-04-29 23:38:28,420 [Thread-3] - [DEBUG] - b
2020-04-29 23:38:28,422 [Thread-3] - [DEBUG] - [0, 0, 0, 0]
2020-04-29 23:38:28,450 [Thread-3] - [DEBUG] - a
2020-04-29 23:38:28,451 [Thread-3] - [DEBUG] - [0, 0, 0, 0]
2020-04-29 23:39:40,633 [MainThread] - [INFO] - Shutting down Hermes Led Control
2020-04-29 23:39:44,166 [MainThread] - [INFO] - Starting Hermes Led Control v. 2.0.6
2020-04-29 23:39:44,178 [MainThread] - [INFO] - Initializing HermesLedControl
2020-04-29 23:39:44,209 [MainThread] - [INFO] - Initializing ProjectAlice settings
2020-04-29 23:39:44,210 [MainThread] - [INFO] - Loading configurations
2020-04-29 23:39:44,216 [MainThread] - [INFO] - Loaded 12 hardware references
2020-04-29 23:39:44,216 [MainThread] - [INFO] - - Mqtt server set to localhost
2020-04-29 23:39:44,217 [MainThread] - [INFO] - - Mqtt port set to 1885
2020-04-29 23:39:44,218 [MainThread] - [INFO] - - Mqtt username set to jrkassistant
2020-04-29 23:39:44,218 [MainThread] - [INFO] - - Mqtt password set to "hidden"
2020-04-29 23:39:44,219 [MainThread] - [INFO] - - Client id set to salon
2020-04-29 23:39:44,219 [MainThread] - [INFO] - - Hardware set to ReSpeaker Mic array v2
2020-04-29 23:39:44,220 [MainThread] - [INFO] - - Using projectalice as pattern with 12 leds
2020-04-29 23:39:44,221 [MainThread] - [INFO] - Initializing leds controller
2020-04-29 23:39:44,441 [MainThread] - [INFO] - Hermes Led Control started
2020-04-29 23:39:44,941 [Thread-3] - [DEBUG] - A
2020-04-29 23:39:44,951 [Thread-3] - [DEBUG] - 0
2020-04-29 23:39:44,952 [Thread-3] - [DEBUG] - 0
2020-04-29 23:39:44,953 [Thread-3] - [DEBUG] - ---
2020-04-29 23:39:44,984 [Thread-3] - [DEBUG] - 1
2020-04-29 23:39:44,984 [Thread-3] - [DEBUG] - 11
2020-04-29 23:39:44,985 [Thread-3] - [DEBUG] - ---
2020-04-29 23:39:45,016 [Thread-3] - [DEBUG] - 2
2020-04-29 23:39:45,017 [Thread-3] - [DEBUG] - 10
2020-04-29 23:39:45,019 [Thread-3] - [DEBUG] - ---
2020-04-29 23:39:45,052 [Thread-3] - [DEBUG] - 3
2020-04-29 23:39:45,053 [Thread-3] - [DEBUG] - 9
2020-04-29 23:39:45,054 [Thread-3] - [DEBUG] - ---
2020-04-29 23:39:45,084 [Thread-3] - [DEBUG] - 4
2020-04-29 23:39:45,085 [Thread-3] - [DEBUG] - 8
2020-04-29 23:39:45,086 [Thread-3] - [DEBUG] - ---
2020-04-29 23:39:45,120 [Thread-3] - [DEBUG] - 5
2020-04-29 23:39:45,121 [Thread-3] - [DEBUG] - 7
2020-04-29 23:39:45,122 [Thread-3] - [DEBUG] - ---
2020-04-29 23:39:45,155 [Thread-3] - [DEBUG] - 6
2020-04-29 23:39:45,156 [Thread-3] - [DEBUG] - 6
2020-04-29 23:39:45,157 [Thread-3] - [DEBUG] - ---
2020-04-29 23:39:46,187 [Thread-3] - [DEBUG] - B
2020-04-29 23:39:46,199 [Thread-3] - [DEBUG] - 6
2020-04-29 23:39:46,200 [Thread-3] - [DEBUG] - 6
2020-04-29 23:39:46,201 [Thread-3] - [DEBUG] - ---
2020-04-29 23:39:46,234 [Thread-3] - [DEBUG] - 5
2020-04-29 23:39:46,235 [Thread-3] - [DEBUG] - 7
2020-04-29 23:39:46,236 [Thread-3] - [DEBUG] - ---
2020-04-29 23:39:46,268 [Thread-3] - [DEBUG] - 4
2020-04-29 23:39:46,270 [Thread-3] - [DEBUG] - 8
2020-04-29 23:39:46,271 [Thread-3] - [DEBUG] - ---
2020-04-29 23:39:46,301 [Thread-3] - [DEBUG] - 3
2020-04-29 23:39:46,302 [Thread-3] - [DEBUG] - 9
2020-04-29 23:39:46,304 [Thread-3] - [DEBUG] - ---
2020-04-29 23:39:46,336 [Thread-3] - [DEBUG] - 2
2020-04-29 23:39:46,338 [Thread-3] - [DEBUG] - 10
2020-04-29 23:39:46,339 [Thread-3] - [DEBUG] - ---
2020-04-29 23:39:46,372 [Thread-3] - [DEBUG] - 1
2020-04-29 23:39:46,373 [Thread-3] - [DEBUG] - 11
2020-04-29 23:39:46,375 [Thread-3] - [DEBUG] - ---
2020-04-29 23:39:46,404 [Thread-3] - [DEBUG] - 0
2020-04-29 23:39:46,406 [Thread-3] - [DEBUG] - 0
2020-04-29 23:39:46,407 [Thread-3] - [DEBUG] - ---
2020-04-29 23:39:48,442 [Thread-3] - [DEBUG] - C
2020-04-29 23:39:48,456 [Thread-3] - [DEBUG] - 0
2020-04-29 23:39:48,457 [Thread-3] - [DEBUG] - 0
2020-04-29 23:39:48,459 [Thread-3] - [DEBUG] - ---
2020-04-29 23:39:48,491 [Thread-3] - [DEBUG] - 1
2020-04-29 23:39:48,492 [Thread-3] - [DEBUG] - 11
2020-04-29 23:39:48,493 [Thread-3] - [DEBUG] - ---
2020-04-29 23:39:48,525 [Thread-3] - [DEBUG] - 2
2020-04-29 23:39:48,526 [Thread-3] - [DEBUG] - 10
2020-04-29 23:39:48,528 [Thread-3] - [DEBUG] - ---
2020-04-29 23:39:48,557 [Thread-3] - [DEBUG] - 3
2020-04-29 23:39:48,558 [Thread-3] - [DEBUG] - 9
2020-04-29 23:39:48,560 [Thread-3] - [DEBUG] - ---
2020-04-29 23:39:48,588 [Thread-3] - [DEBUG] - 4
2020-04-29 23:39:48,590 [Thread-3] - [DEBUG] - 8
2020-04-29 23:39:48,591 [Thread-3] - [DEBUG] - ---
2020-04-29 23:39:48,624 [Thread-3] - [DEBUG] - 5
2020-04-29 23:39:48,625 [Thread-3] - [DEBUG] - 7
2020-04-29 23:39:48,626 [Thread-3] - [DEBUG] - ---
2020-04-29 23:39:48,658 [Thread-3] - [DEBUG] - 6
2020-04-29 23:39:48,660 [Thread-3] - [DEBUG] - 6
2020-04-29 23:39:48,662 [Thread-3] - [DEBUG] - ---
2020-04-29 23:42:43,617 [MainThread] - [INFO] - Shutting down Hermes Led Control
2020-04-29 23:42:47,455 [MainThread] - [INFO] - Starting Hermes Led Control v. 2.0.6
2020-04-29 23:42:47,487 [MainThread] - [INFO] - Initializing HermesLedControl
2020-04-29 23:42:47,555 [MainThread] - [INFO] - Initializing ProjectAlice settings
2020-04-29 23:42:47,556 [MainThread] - [INFO] - Loading configurations
2020-04-29 23:42:47,568 [MainThread] - [INFO] - Loaded 12 hardware references
2020-04-29 23:42:47,569 [MainThread] - [INFO] - - Mqtt server set to localhost
2020-04-29 23:42:47,571 [MainThread] - [INFO] - - Mqtt port set to 1885
2020-04-29 23:42:47,572 [MainThread] - [INFO] - - Mqtt username set to jrkassistant
2020-04-29 23:42:47,573 [MainThread] - [INFO] - - Mqtt password set to "hidden"
2020-04-29 23:42:47,574 [MainThread] - [INFO] - - Client id set to salon
2020-04-29 23:42:47,575 [MainThread] - [INFO] - - Hardware set to ReSpeaker Mic array v2
2020-04-29 23:42:47,577 [MainThread] - [INFO] - - Using projectalice as pattern with 12 leds
2020-04-29 23:42:47,578 [MainThread] - [INFO] - Initializing leds controller
2020-04-29 23:42:48,000 [MainThread] - [INFO] - Hermes Led Control started
2020-04-29 23:42:48,500 [Thread-3] - [DEBUG] - A
2020-04-29 23:42:48,508 [Thread-3] - [DEBUG] - -----
2020-04-29 23:42:48,510 [Thread-3] - [DEBUG] - 0:   Ledp 0 en blanc
2020-04-29 23:42:48,541 [Thread-3] - [DEBUG] - -----
2020-04-29 23:42:48,543 [Thread-3] - [DEBUG] - 1:   Ledp 1 en blanc ; 1:   Ledn 11 en blanc
2020-04-29 23:42:48,571 [Thread-3] - [DEBUG] - -----
2020-04-29 23:42:48,573 [Thread-3] - [DEBUG] - 2:   Ledp 2 en blanc ; 2:   Ledn 10 en blanc
2020-04-29 23:42:48,602 [Thread-3] - [DEBUG] - -----
2020-04-29 23:42:48,603 [Thread-3] - [DEBUG] - 3:   Ledp 3 en blanc ; 3:   Ledn 9 en blanc
2020-04-29 23:42:48,632 [Thread-3] - [DEBUG] - -----
2020-04-29 23:42:48,634 [Thread-3] - [DEBUG] - 4:   Ledp 4 en blanc ; 4:   Ledn 8 en blanc
2020-04-29 23:42:48,662 [Thread-3] - [DEBUG] - -----
2020-04-29 23:42:48,664 [Thread-3] - [DEBUG] - 5:   Ledp 5 en blanc ; 5:   Ledn 7 en blanc
2020-04-29 23:42:48,696 [Thread-3] - [DEBUG] - -----
2020-04-29 23:42:48,698 [Thread-3] - [DEBUG] - 6:   Ledp 6 en blanc
2020-04-29 23:42:49,733 [Thread-3] - [DEBUG] - B
2020-04-29 23:42:49,746 [Thread-3] - [DEBUG] - -----
2020-04-29 23:42:49,747 [Thread-3] - [DEBUG] - 6:   Ledp 6 en blue
2020-04-29 23:42:49,790 [Thread-3] - [DEBUG] - -----
2020-04-29 23:42:49,791 [Thread-3] - [DEBUG] - 5:   Ledp 5 en blue ; 5:   Ledn 7 en blue
2020-04-29 23:42:49,824 [Thread-3] - [DEBUG] - -----
2020-04-29 23:42:49,826 [Thread-3] - [DEBUG] - 4:   Ledp 4 en blue ; 4:   Ledn 8 en blue
2020-04-29 23:42:49,859 [Thread-3] - [DEBUG] - -----
2020-04-29 23:42:49,860 [Thread-3] - [DEBUG] - 3:   Ledp 3 en blue ; 3:   Ledn 9 en blue
2020-04-29 23:42:49,889 [Thread-3] - [DEBUG] - -----
2020-04-29 23:42:49,890 [Thread-3] - [DEBUG] - 2:   Ledp 2 en blue ; 2:   Ledn 10 en blue
2020-04-29 23:42:49,919 [Thread-3] - [DEBUG] - -----
2020-04-29 23:42:49,920 [Thread-3] - [DEBUG] - 1:   Ledp 1 en blue ; 1:   Ledn 11 en blue
2020-04-29 23:42:49,949 [Thread-3] - [DEBUG] - -----
2020-04-29 23:42:49,951 [Thread-3] - [DEBUG] - 0:   Ledp 0 en blue
2020-04-29 23:42:51,983 [Thread-3] - [DEBUG] - C
2020-04-29 23:42:51,991 [Thread-3] - [DEBUG] - -----
2020-04-29 23:42:51,993 [Thread-3] - [DEBUG] - 0:   Ledp 0 en noir
2020-04-29 23:42:52,026 [Thread-3] - [DEBUG] - -----
2020-04-29 23:42:52,029 [Thread-3] - [DEBUG] - 1:   Ledp 1 en noir ; 1:   Ledn 11 en noir
2020-04-29 23:42:52,058 [Thread-3] - [DEBUG] - -----
2020-04-29 23:42:52,060 [Thread-3] - [DEBUG] - 2:   Ledp 2 en noir ; 2:   Ledn 10 en noir
2020-04-29 23:42:52,094 [Thread-3] - [DEBUG] - -----
2020-04-29 23:42:52,096 [Thread-3] - [DEBUG] - 3:   Ledp 3 en noir ; 3:   Ledn 9 en noir
2020-04-29 23:42:52,129 [Thread-3] - [DEBUG] - -----
2020-04-29 23:42:52,131 [Thread-3] - [DEBUG] - 4:   Ledp 4 en noir ; 4:   Ledn 8 en noir
2020-04-29 23:42:52,160 [Thread-3] - [DEBUG] - -----
2020-04-29 23:42:52,163 [Thread-3] - [DEBUG] - 5:   Ledp 5 en noir ; 5:   Ledn 7 en noir
2020-04-29 23:42:52,196 [Thread-3] - [DEBUG] - -----
2020-04-29 23:42:52,199 [Thread-3] - [DEBUG] - 6:   Ledp 6 en noir
2020-04-29 23:45:58,156 [MainThread] - [INFO] - Shutting down Hermes Led Control
2020-04-29 23:46:04,254 [MainThread] - [INFO] - Starting Hermes Led Control v. 2.0.6
2020-04-29 23:46:04,283 [MainThread] - [INFO] - Initializing HermesLedControl
2020-04-29 23:46:04,356 [MainThread] - [INFO] - Initializing ProjectAlice settings
2020-04-29 23:46:04,358 [MainThread] - [INFO] - Loading configurations
2020-04-29 23:46:04,371 [MainThread] - [INFO] - Loaded 12 hardware references
2020-04-29 23:46:04,373 [MainThread] - [INFO] - - Mqtt server set to localhost
2020-04-29 23:46:04,374 [MainThread] - [INFO] - - Mqtt port set to 1885
2020-04-29 23:46:04,375 [MainThread] - [INFO] - - Mqtt username set to jrkassistant
2020-04-29 23:46:04,377 [MainThread] - [INFO] - - Mqtt password set to "hidden"
2020-04-29 23:46:04,378 [MainThread] - [INFO] - - Client id set to salon
2020-04-29 23:46:04,380 [MainThread] - [INFO] - - Hardware set to ReSpeaker Mic array v2
2020-04-29 23:46:04,381 [MainThread] - [INFO] - - Using projectalice as pattern with 12 leds
2020-04-29 23:46:04,383 [MainThread] - [INFO] - Initializing leds controller
2020-04-29 23:46:04,890 [MainThread] - [INFO] - Hermes Led Control started
2020-04-29 23:46:05,390 [Thread-3] - [DEBUG] - A
2020-04-29 23:46:06,604 [Thread-3] - [DEBUG] - B
2020-04-29 23:46:08,822 [Thread-3] - [DEBUG] - C
2020-04-29 23:46:57,392 [MainThread] - [INFO] - Shutting down Hermes Led Control
2020-04-29 23:47:01,151 [MainThread] - [INFO] - Starting Hermes Led Control v. 2.0.6
2020-04-29 23:47:01,180 [MainThread] - [INFO] - Initializing HermesLedControl
2020-04-29 23:47:01,247 [MainThread] - [INFO] - Initializing ProjectAlice settings
2020-04-29 23:47:01,248 [MainThread] - [INFO] - Loading configurations
2020-04-29 23:47:01,262 [MainThread] - [INFO] - Loaded 12 hardware references
2020-04-29 23:47:01,264 [MainThread] - [INFO] - - Mqtt server set to localhost
2020-04-29 23:47:01,265 [MainThread] - [INFO] - - Mqtt port set to 1885
2020-04-29 23:47:01,266 [MainThread] - [INFO] - - Mqtt username set to jrkassistant
2020-04-29 23:47:01,267 [MainThread] - [INFO] - - Mqtt password set to "hidden"
2020-04-29 23:47:01,269 [MainThread] - [INFO] - - Client id set to salon
2020-04-29 23:47:01,271 [MainThread] - [INFO] - - Hardware set to ReSpeaker Mic array v2
2020-04-29 23:47:01,272 [MainThread] - [INFO] - - Using projectalice as pattern with 12 leds
2020-04-29 23:47:01,274 [MainThread] - [INFO] - Initializing leds controller
2020-04-29 23:47:01,759 [MainThread] - [INFO] - Hermes Led Control started
2020-04-29 23:47:02,259 [Thread-3] - [DEBUG] - A
2020-04-29 23:47:03,474 [Thread-3] - [DEBUG] - B
2020-04-29 23:47:05,691 [Thread-3] - [DEBUG] - C
2020-04-29 23:48:27,624 [MainThread] - [INFO] - Shutting down Hermes Led Control
2020-04-29 23:48:39,911 [MainThread] - [INFO] - Starting Hermes Led Control v. 2.0.6
2020-04-29 23:48:39,938 [MainThread] - [INFO] - Initializing HermesLedControl
2020-04-29 23:48:39,999 [MainThread] - [INFO] - Initializing ProjectAlice settings
2020-04-29 23:48:40,000 [MainThread] - [INFO] - Loading configurations
2020-04-29 23:48:40,012 [MainThread] - [INFO] - Loaded 12 hardware references
2020-04-29 23:48:40,014 [MainThread] - [INFO] - - Mqtt server set to localhost
2020-04-29 23:48:40,016 [MainThread] - [INFO] - - Mqtt port set to 1885
2020-04-29 23:48:40,018 [MainThread] - [INFO] - - Mqtt username set to jrkassistant
2020-04-29 23:48:40,020 [MainThread] - [INFO] - - Mqtt password set to "hidden"
2020-04-29 23:48:40,021 [MainThread] - [INFO] - - Client id set to salon
2020-04-29 23:48:40,022 [MainThread] - [INFO] - - Hardware set to ReSpeaker Mic array v2
2020-04-29 23:48:40,024 [MainThread] - [INFO] - - Using projectalice as pattern with 12 leds
2020-04-29 23:48:40,032 [MainThread] - [INFO] - Initializing leds controller
2020-04-29 23:48:40,442 [MainThread] - [INFO] - Hermes Led Control started
2020-04-29 23:48:40,942 [Thread-3] - [DEBUG] - A
2020-04-29 23:48:42,157 [Thread-3] - [DEBUG] - B
2020-04-29 23:48:44,378 [Thread-3] - [DEBUG] - C
2020-04-29 23:48:52,666 [MainThread] - [INFO] - Shutting down Hermes Led Control
2020-04-29 23:48:59,419 [MainThread] - [INFO] - Starting Hermes Led Control v. 2.0.6
2020-04-29 23:48:59,446 [MainThread] - [INFO] - Initializing HermesLedControl
2020-04-29 23:48:59,515 [MainThread] - [INFO] - Initializing ProjectAlice settings
2020-04-29 23:48:59,516 [MainThread] - [INFO] - Loading configurations
2020-04-29 23:48:59,528 [MainThread] - [INFO] - Loaded 12 hardware references
2020-04-29 23:48:59,530 [MainThread] - [INFO] - - Mqtt server set to localhost
2020-04-29 23:48:59,532 [MainThread] - [INFO] - - Mqtt port set to 1885
2020-04-29 23:48:59,533 [MainThread] - [INFO] - - Mqtt username set to jrkassistant
2020-04-29 23:48:59,534 [MainThread] - [INFO] - - Mqtt password set to "hidden"
2020-04-29 23:48:59,536 [MainThread] - [INFO] - - Client id set to salon
2020-04-29 23:48:59,537 [MainThread] - [INFO] - - Hardware set to ReSpeaker Mic array v2
2020-04-29 23:48:59,539 [MainThread] - [INFO] - - Using projectalice as pattern with 12 leds
2020-04-29 23:48:59,540 [MainThread] - [INFO] - Initializing leds controller
2020-04-29 23:49:00,019 [MainThread] - [INFO] - Hermes Led Control started
2020-04-29 23:49:00,519 [Thread-3] - [DEBUG] - A
2020-04-29 23:49:01,758 [Thread-3] - [DEBUG] - B
2020-04-29 23:49:03,967 [Thread-3] - [DEBUG] - C
2020-04-29 23:49:26,475 [MainThread] - [INFO] - Shutting down Hermes Led Control
2020-04-29 23:49:30,348 [MainThread] - [INFO] - Starting Hermes Led Control v. 2.0.6
2020-04-29 23:49:30,377 [MainThread] - [INFO] - Initializing HermesLedControl
2020-04-29 23:49:30,444 [MainThread] - [INFO] - Initializing ProjectAlice settings
2020-04-29 23:49:30,445 [MainThread] - [INFO] - Loading configurations
2020-04-29 23:49:30,458 [MainThread] - [INFO] - Loaded 12 hardware references
2020-04-29 23:49:30,459 [MainThread] - [INFO] - - Mqtt server set to localhost
2020-04-29 23:49:30,461 [MainThread] - [INFO] - - Mqtt port set to 1885
2020-04-29 23:49:30,462 [MainThread] - [INFO] - - Mqtt username set to jrkassistant
2020-04-29 23:49:30,463 [MainThread] - [INFO] - - Mqtt password set to "hidden"
2020-04-29 23:49:30,465 [MainThread] - [INFO] - - Client id set to salon
2020-04-29 23:49:30,466 [MainThread] - [INFO] - - Hardware set to ReSpeaker Mic array v2
2020-04-29 23:49:30,467 [MainThread] - [INFO] - - Using projectalice as pattern with 12 leds
2020-04-29 23:49:30,469 [MainThread] - [INFO] - Initializing leds controller
2020-04-29 23:49:30,928 [MainThread] - [INFO] - Hermes Led Control started
2020-04-29 23:49:31,428 [Thread-3] - [DEBUG] - A
2020-04-29 23:49:32,643 [Thread-3] - [DEBUG] - B
2020-04-29 23:49:34,871 [Thread-3] - [DEBUG] - C
2020-04-29 23:49:41,751 [MainThread] - [INFO] - Shutting down Hermes Led Control
2020-04-29 23:49:46,353 [MainThread] - [INFO] - Starting Hermes Led Control v. 2.0.6
2020-04-29 23:49:46,389 [MainThread] - [INFO] - Initializing HermesLedControl
2020-04-29 23:49:46,483 [MainThread] - [INFO] - Initializing ProjectAlice settings
2020-04-29 23:49:46,486 [MainThread] - [INFO] - Loading configurations
2020-04-29 23:49:46,503 [MainThread] - [INFO] - Loaded 12 hardware references
2020-04-29 23:49:46,505 [MainThread] - [INFO] - - Mqtt server set to localhost
2020-04-29 23:49:46,509 [MainThread] - [INFO] - - Mqtt port set to 1885
2020-04-29 23:49:46,512 [MainThread] - [INFO] - - Mqtt username set to jrkassistant
2020-04-29 23:49:46,517 [MainThread] - [INFO] - - Mqtt password set to "hidden"
2020-04-29 23:49:46,520 [MainThread] - [INFO] - - Client id set to salon
2020-04-29 23:49:46,524 [MainThread] - [INFO] - - Hardware set to ReSpeaker Mic array v2
2020-04-29 23:49:46,528 [MainThread] - [INFO] - - Using projectalice as pattern with 12 leds
2020-04-29 23:49:46,531 [MainThread] - [INFO] - Initializing leds controller
2020-04-29 23:49:47,093 [MainThread] - [INFO] - Hermes Led Control started
2020-04-29 23:49:47,593 [Thread-3] - [DEBUG] - A
2020-04-29 23:49:47,909 [Thread-3] - [DEBUG] - B
2020-04-29 23:49:48,317 [Thread-3] - [DEBUG] - C
2020-04-29 23:49:53,411 [MainThread] - [INFO] - Shutting down Hermes Led Control
2020-04-29 23:49:57,702 [MainThread] - [INFO] - Starting Hermes Led Control v. 2.0.6
2020-04-29 23:49:57,730 [MainThread] - [INFO] - Initializing HermesLedControl
2020-04-29 23:49:57,801 [MainThread] - [INFO] - Initializing ProjectAlice settings
2020-04-29 23:49:57,802 [MainThread] - [INFO] - Loading configurations
2020-04-29 23:49:57,815 [MainThread] - [INFO] - Loaded 12 hardware references
2020-04-29 23:49:57,817 [MainThread] - [INFO] - - Mqtt server set to localhost
2020-04-29 23:49:57,818 [MainThread] - [INFO] - - Mqtt port set to 1885
2020-04-29 23:49:57,820 [MainThread] - [INFO] - - Mqtt username set to jrkassistant
2020-04-29 23:49:57,822 [MainThread] - [INFO] - - Mqtt password set to "hidden"
2020-04-29 23:49:57,823 [MainThread] - [INFO] - - Client id set to salon
2020-04-29 23:49:57,824 [MainThread] - [INFO] - - Hardware set to ReSpeaker Mic array v2
2020-04-29 23:49:57,825 [MainThread] - [INFO] - - Using projectalice as pattern with 12 leds
2020-04-29 23:49:57,826 [MainThread] - [INFO] - Initializing leds controller
2020-04-29 23:49:58,239 [MainThread] - [INFO] - Hermes Led Control started
2020-04-29 23:49:58,741 [Thread-3] - [DEBUG] - A
2020-04-29 23:49:59,056 [Thread-3] - [DEBUG] - B
2020-04-29 23:49:59,462 [Thread-3] - [DEBUG] - C
2020-04-29 23:50:02,552 [MainThread] - [INFO] - Shutting down Hermes Led Control
2020-04-29 23:50:07,216 [MainThread] - [INFO] - Starting Hermes Led Control v. 2.0.6
2020-04-29 23:50:07,231 [MainThread] - [INFO] - Initializing HermesLedControl
2020-04-29 23:50:07,269 [MainThread] - [INFO] - Initializing ProjectAlice settings
2020-04-29 23:50:07,270 [MainThread] - [INFO] - Loading configurations
2020-04-29 23:50:07,278 [MainThread] - [INFO] - Loaded 12 hardware references
2020-04-29 23:50:07,279 [MainThread] - [INFO] - - Mqtt server set to localhost
2020-04-29 23:50:07,280 [MainThread] - [INFO] - - Mqtt port set to 1885
2020-04-29 23:50:07,281 [MainThread] - [INFO] - - Mqtt username set to jrkassistant
2020-04-29 23:50:07,282 [MainThread] - [INFO] - - Mqtt password set to "hidden"
2020-04-29 23:50:07,283 [MainThread] - [INFO] - - Client id set to salon
2020-04-29 23:50:07,284 [MainThread] - [INFO] - - Hardware set to ReSpeaker Mic array v2
2020-04-29 23:50:07,284 [MainThread] - [INFO] - - Using projectalice as pattern with 12 leds
2020-04-29 23:50:07,285 [MainThread] - [INFO] - Initializing leds controller
2020-04-29 23:50:07,562 [MainThread] - [INFO] - Hermes Led Control started
2020-04-29 23:50:08,063 [Thread-3] - [DEBUG] - A
2020-04-29 23:50:08,398 [Thread-3] - [DEBUG] - B
2020-04-29 23:50:08,820 [Thread-3] - [DEBUG] - C
2020-04-29 23:50:22,292 [MainThread] - [INFO] - Shutting down Hermes Led Control
2020-04-29 23:50:26,387 [MainThread] - [INFO] - Starting Hermes Led Control v. 2.0.6
2020-04-29 23:50:26,421 [MainThread] - [INFO] - Initializing HermesLedControl
2020-04-29 23:50:26,506 [MainThread] - [INFO] - Initializing ProjectAlice settings
2020-04-29 23:50:26,508 [MainThread] - [INFO] - Loading configurations
2020-04-29 23:50:26,524 [MainThread] - [INFO] - Loaded 12 hardware references
2020-04-29 23:50:26,526 [MainThread] - [INFO] - - Mqtt server set to localhost
2020-04-29 23:50:26,528 [MainThread] - [INFO] - - Mqtt port set to 1885
2020-04-29 23:50:26,530 [MainThread] - [INFO] - - Mqtt username set to jrkassistant
2020-04-29 23:50:26,531 [MainThread] - [INFO] - - Mqtt password set to "hidden"
2020-04-29 23:50:26,532 [MainThread] - [INFO] - - Client id set to salon
2020-04-29 23:50:26,535 [MainThread] - [INFO] - - Hardware set to ReSpeaker Mic array v2
2020-04-29 23:50:26,537 [MainThread] - [INFO] - - Using projectalice as pattern with 12 leds
2020-04-29 23:50:26,539 [MainThread] - [INFO] - Initializing leds controller
2020-04-29 23:50:27,121 [MainThread] - [INFO] - Hermes Led Control started
2020-04-29 23:50:27,621 [Thread-3] - [DEBUG] - A
2020-04-29 23:50:27,937 [Thread-3] - [DEBUG] - B
2020-04-29 23:50:28,343 [Thread-3] - [DEBUG] - C
2020-04-29 23:50:32,635 [MainThread] - [INFO] - Shutting down Hermes Led Control
2020-04-29 23:50:36,282 [MainThread] - [INFO] - Starting Hermes Led Control v. 2.0.6
2020-04-29 23:50:36,311 [MainThread] - [INFO] - Initializing HermesLedControl
2020-04-29 23:50:36,381 [MainThread] - [INFO] - Initializing ProjectAlice settings
2020-04-29 23:50:36,383 [MainThread] - [INFO] - Loading configurations
2020-04-29 23:50:36,396 [MainThread] - [INFO] - Loaded 12 hardware references
2020-04-29 23:50:36,398 [MainThread] - [INFO] - - Mqtt server set to localhost
2020-04-29 23:50:36,400 [MainThread] - [INFO] - - Mqtt port set to 1885
2020-04-29 23:50:36,402 [MainThread] - [INFO] - - Mqtt username set to jrkassistant
2020-04-29 23:50:36,403 [MainThread] - [INFO] - - Mqtt password set to "hidden"
2020-04-29 23:50:36,405 [MainThread] - [INFO] - - Client id set to salon
2020-04-29 23:50:36,407 [MainThread] - [INFO] - - Hardware set to ReSpeaker Mic array v2
2020-04-29 23:50:36,409 [MainThread] - [INFO] - - Using projectalice as pattern with 12 leds
2020-04-29 23:50:36,410 [MainThread] - [INFO] - Initializing leds controller
2020-04-29 23:50:36,902 [MainThread] - [INFO] - Hermes Led Control started
2020-04-29 23:50:37,402 [Thread-3] - [DEBUG] - A
2020-04-29 23:50:37,733 [Thread-3] - [DEBUG] - B
2020-04-29 23:50:38,141 [Thread-3] - [DEBUG] - C
2020-04-29 23:50:54,138 [MainThread] - [INFO] - Shutting down Hermes Led Control
2020-04-29 23:50:58,355 [MainThread] - [INFO] - Starting Hermes Led Control v. 2.0.6
2020-04-29 23:50:58,384 [MainThread] - [INFO] - Initializing HermesLedControl
2020-04-29 23:50:58,455 [MainThread] - [INFO] - Initializing ProjectAlice settings
2020-04-29 23:50:58,456 [MainThread] - [INFO] - Loading configurations
2020-04-29 23:50:58,470 [MainThread] - [INFO] - Loaded 12 hardware references
2020-04-29 23:50:58,471 [MainThread] - [INFO] - - Mqtt server set to localhost
2020-04-29 23:50:58,473 [MainThread] - [INFO] - - Mqtt port set to 1885
2020-04-29 23:50:58,475 [MainThread] - [INFO] - - Mqtt username set to jrkassistant
2020-04-29 23:50:58,477 [MainThread] - [INFO] - - Mqtt password set to "hidden"
2020-04-29 23:50:58,481 [MainThread] - [INFO] - - Client id set to salon
2020-04-29 23:50:58,482 [MainThread] - [INFO] - - Hardware set to ReSpeaker Mic array v2
2020-04-29 23:50:58,485 [MainThread] - [INFO] - - Using projectalice as pattern with 12 leds
2020-04-29 23:50:58,488 [MainThread] - [INFO] - Initializing leds controller
2020-04-29 23:50:58,947 [MainThread] - [INFO] - Hermes Led Control started
2020-04-29 23:50:59,448 [Thread-3] - [DEBUG] - A
2020-04-29 23:50:59,782 [Thread-3] - [DEBUG] - B
2020-04-29 23:51:00,205 [Thread-3] - [DEBUG] - C
2020-04-29 23:53:59,389 [MainThread] - [INFO] - Shutting down Hermes Led Control
2020-04-29 23:54:02,589 [MainThread] - [INFO] - Starting Hermes Led Control v. 2.0.6
2020-04-29 23:54:02,602 [MainThread] - [INFO] - Initializing HermesLedControl
2020-04-29 23:54:02,635 [MainThread] - [INFO] - Initializing ProjectAlice settings
2020-04-29 23:54:02,636 [MainThread] - [INFO] - Loading configurations
2020-04-29 23:54:02,642 [MainThread] - [INFO] - Loaded 12 hardware references
2020-04-29 23:54:02,643 [MainThread] - [INFO] - - Mqtt server set to localhost
2020-04-29 23:54:02,644 [MainThread] - [INFO] - - Mqtt port set to 1885
2020-04-29 23:54:02,644 [MainThread] - [INFO] - - Mqtt username set to jrkassistant
2020-04-29 23:54:02,645 [MainThread] - [INFO] - - Mqtt password set to "hidden"
2020-04-29 23:54:02,646 [MainThread] - [INFO] - - Client id set to salon
2020-04-29 23:54:02,646 [MainThread] - [INFO] - - Hardware set to ReSpeaker Mic array v2
2020-04-29 23:54:02,647 [MainThread] - [INFO] - - Using projectalice as pattern with 12 leds
2020-04-29 23:54:02,647 [MainThread] - [INFO] - Initializing leds controller
2020-04-29 23:54:03,145 [MainThread] - [INFO] - Hermes Led Control started
2020-04-29 23:54:03,646 [Thread-3] - [DEBUG] - A
2020-04-29 23:54:03,952 [Thread-3] - [DEBUG] - B
2020-04-29 23:54:04,360 [Thread-3] - [DEBUG] - C
2020-04-29 23:54:11,162 [MainThread] - [INFO] - Shutting down Hermes Led Control
2020-04-29 23:54:14,781 [MainThread] - [INFO] - Starting Hermes Led Control v. 2.0.6
2020-04-29 23:54:14,813 [MainThread] - [INFO] - Initializing HermesLedControl
2020-04-29 23:54:14,886 [MainThread] - [INFO] - Initializing ProjectAlice settings
2020-04-29 23:54:14,887 [MainThread] - [INFO] - Loading configurations
2020-04-29 23:54:14,901 [MainThread] - [INFO] - Loaded 12 hardware references
2020-04-29 23:54:14,902 [MainThread] - [INFO] - - Mqtt server set to localhost
2020-04-29 23:54:14,904 [MainThread] - [INFO] - - Mqtt port set to 1885
2020-04-29 23:54:14,905 [MainThread] - [INFO] - - Mqtt username set to jrkassistant
2020-04-29 23:54:14,906 [MainThread] - [INFO] - - Mqtt password set to "hidden"
2020-04-29 23:54:14,907 [MainThread] - [INFO] - - Client id set to salon
2020-04-29 23:54:14,909 [MainThread] - [INFO] - - Hardware set to ReSpeaker Mic array v2
2020-04-29 23:54:14,910 [MainThread] - [INFO] - - Using projectalice as pattern with 12 leds
2020-04-29 23:54:14,912 [MainThread] - [INFO] - Initializing leds controller
2020-04-29 23:54:15,395 [MainThread] - [INFO] - Hermes Led Control started
2020-04-29 23:54:15,895 [Thread-3] - [DEBUG] - A
2020-04-29 23:54:16,201 [Thread-3] - [DEBUG] - B
2020-04-29 23:54:16,609 [Thread-3] - [DEBUG] - C
2020-04-29 23:54:30,625 [MainThread] - [INFO] - Shutting down Hermes Led Control
2020-04-29 23:54:34,582 [MainThread] - [INFO] - Starting Hermes Led Control v. 2.0.6
2020-04-29 23:54:34,611 [MainThread] - [INFO] - Initializing HermesLedControl
2020-04-29 23:54:34,645 [MainThread] - [INFO] - Initializing ProjectAlice settings
2020-04-29 23:54:34,645 [MainThread] - [INFO] - Loading configurations
2020-04-29 23:54:34,651 [MainThread] - [INFO] - Loaded 12 hardware references
2020-04-29 23:54:34,652 [MainThread] - [INFO] - - Mqtt server set to localhost
2020-04-29 23:54:34,652 [MainThread] - [INFO] - - Mqtt port set to 1885
2020-04-29 23:54:34,653 [MainThread] - [INFO] - - Mqtt username set to jrkassistant
2020-04-29 23:54:34,654 [MainThread] - [INFO] - - Mqtt password set to "hidden"
2020-04-29 23:54:34,654 [MainThread] - [INFO] - - Client id set to salon
2020-04-29 23:54:34,655 [MainThread] - [INFO] - - Hardware set to ReSpeaker Mic array v2
2020-04-29 23:54:34,655 [MainThread] - [INFO] - - Using projectalice as pattern with 12 leds
2020-04-29 23:54:34,656 [MainThread] - [INFO] - Initializing leds controller
2020-04-29 23:54:35,080 [MainThread] - [INFO] - Hermes Led Control started
2020-04-29 23:54:35,580 [Thread-3] - [DEBUG] - A
2020-04-29 23:54:35,911 [Thread-3] - [DEBUG] - B
2020-04-29 23:54:36,334 [Thread-3] - [DEBUG] - C
2020-04-29 23:56:31,703 [MainThread] - [INFO] - Shutting down Hermes Led Control
2020-04-29 23:56:35,103 [MainThread] - [INFO] - Starting Hermes Led Control v. 2.0.6
2020-04-29 23:56:35,142 [MainThread] - [INFO] - Initializing HermesLedControl
2020-04-29 23:56:35,233 [MainThread] - [INFO] - Initializing ProjectAlice settings
2020-04-29 23:56:35,236 [MainThread] - [INFO] - Loading configurations
2020-04-29 23:56:35,251 [MainThread] - [INFO] - Loaded 12 hardware references
2020-04-29 23:56:35,254 [MainThread] - [INFO] - - Mqtt server set to localhost
2020-04-29 23:56:35,256 [MainThread] - [INFO] - - Mqtt port set to 1885
2020-04-29 23:56:35,259 [MainThread] - [INFO] - - Mqtt username set to jrkassistant
2020-04-29 23:56:35,262 [MainThread] - [INFO] - - Mqtt password set to "hidden"
2020-04-29 23:56:35,263 [MainThread] - [INFO] - - Client id set to salon
2020-04-29 23:56:35,266 [MainThread] - [INFO] - - Hardware set to ReSpeaker Mic array v2
2020-04-29 23:56:35,268 [MainThread] - [INFO] - - Using projectalice as pattern with 12 leds
2020-04-29 23:56:35,273 [MainThread] - [INFO] - Initializing leds controller
2020-04-29 23:56:35,579 [MainThread] - [INFO] - Hermes Led Control started
2020-04-29 23:56:36,082 [Thread-3] - [DEBUG] - A
2020-04-29 23:56:36,408 [Thread-3] - [DEBUG] - B
2020-04-29 23:56:36,822 [Thread-3] - [DEBUG] - C
2020-04-29 23:56:47,107 [MainThread] - [INFO] - Shutting down Hermes Led Control
2020-04-29 23:56:51,722 [MainThread] - [INFO] - Starting Hermes Led Control v. 2.0.6
2020-04-29 23:56:51,749 [MainThread] - [INFO] - Initializing HermesLedControl
2020-04-29 23:56:51,815 [MainThread] - [INFO] - Initializing ProjectAlice settings
2020-04-29 23:56:51,816 [MainThread] - [INFO] - Loading configurations
2020-04-29 23:56:51,829 [MainThread] - [INFO] - Loaded 12 hardware references
2020-04-29 23:56:51,830 [MainThread] - [INFO] - - Mqtt server set to localhost
2020-04-29 23:56:51,832 [MainThread] - [INFO] - - Mqtt port set to 1885
2020-04-29 23:56:51,833 [MainThread] - [INFO] - - Mqtt username set to jrkassistant
2020-04-29 23:56:51,834 [MainThread] - [INFO] - - Mqtt password set to "hidden"
2020-04-29 23:56:51,835 [MainThread] - [INFO] - - Client id set to salon
2020-04-29 23:56:51,836 [MainThread] - [INFO] - - Hardware set to ReSpeaker Mic array v2
2020-04-29 23:56:51,838 [MainThread] - [INFO] - - Using projectalice as pattern with 12 leds
2020-04-29 23:56:51,839 [MainThread] - [INFO] - Initializing leds controller
2020-04-29 23:56:52,365 [MainThread] - [INFO] - Hermes Led Control started
2020-04-29 23:56:52,865 [Thread-3] - [DEBUG] - A
2020-04-29 23:56:53,180 [Thread-3] - [DEBUG] - B
2020-04-29 23:56:53,587 [Thread-3] - [DEBUG] - C
2020-04-30 00:10:23,025 [MainThread] - [INFO] - Shutting down Hermes Led Control
